#
# There is insufficient memory for the Java Runtime Environment to continue.
# Native memory allocation (malloc) failed to allocate 299892736 bytes for committing reserved memory.
# Possible reasons:
#   The system is out of physical RAM or swap space
#   In 32 bit mode, the process size limit was hit
# Possible solutions:
#   Reduce memory load on the system
#   Increase physical memory or swap space
#   Check if swap backing store is full
#   Use 64 bit Java on a 64 bit OS
#   Decrease Java heap size (-Xmx/-Xms)
#   Decrease number of Java threads
#   Decrease Java thread stack sizes (-Xss)
#   Set larger code cache with -XX:ReservedCodeCacheSize=
# This output file may be truncated or incomplete.
#
#  Out of Memory Error (os_linux.cpp:2827), pid=5432, tid=193628992
#
# JRE version: OpenJDK Runtime Environment (7.0_91-b02) (build 1.7.0_91-b02)
# Java VM: OpenJDK Server VM (24.91-b01 mixed mode linux-x86 )
# Derivative: IcedTea 2.6.3
# Distribution: Ubuntu 15.10, package 7u91-2.6.3-0ubuntu0.15.10.1
# Failed to write core dump. Core dumps have been disabled. To enable core dumping, try "ulimit -c unlimited" before starting Java again
#

---------------  T H R E A D  ---------------

Current thread (0x0b781400):  VMThread [stack: 0x0b828000,0x0b8a9000] [id=5442]

Stack: [0x0b828000,0x0b8a9000]
VM_Operation (0xb6382ea4): ParallelGCFailedAllocation, mode: safepoint, requested by thread 0xb6207800


---------------  P R O C E S S  ---------------

Java Threads: ( => current thread )
  0x0b79e400 JavaThread "Service Thread" daemon [_thread_blocked, id=5448, stack(0x0b0ad000,0x0b0fe000)]
  0x0b79c800 JavaThread "C2 CompilerThread1" daemon [_thread_blocked, id=5447, stack(0x0b0fe000,0x0b17f000)]
  0x0b79a800 JavaThread "C2 CompilerThread0" daemon [_thread_blocked, id=5446, stack(0x0b17f000,0x0b200000)]
  0x0b798c00 JavaThread "Signal Dispatcher" daemon [_thread_blocked, id=5445, stack(0x0b60d000,0x0b65e000)]
  0x0b785800 JavaThread "Finalizer" daemon [_thread_blocked, id=5444, stack(0x0b65e000,0x0b6af000)]
  0x0b784000 JavaThread "Reference Handler" daemon [_thread_blocked, id=5443, stack(0x0b6af000,0x0b700000)]
  0xb6207800 JavaThread "main" [_thread_blocked, id=5437, stack(0xb6333000,0xb6384000)]

Other Threads:
=>0x0b781400 VMThread [stack: 0x0b828000,0x0b8a9000] [id=5442]
  0x0b7a0400 WatcherThread [stack: 0x0b02c000,0x0b0ad000] [id=5449]

VM state:at safepoint (normal execution)

VM Mutex/Monitor currently owned by a thread:  ([mutex/lock_event])
[0xb6204ff8] Threads_lock - owner thread: 0x0b781400
[0xb6205408] Heap_lock - owner thread: 0xb6207800

Heap
 PSYoungGen      total 469760K, used 21752K [0x7e740000, 0xa12c0000, 0xb30c0000)
  eden space 448000K, 0% used [0x7e740000,0x7e740000,0x99cc0000)
  from space 21760K, 99% used [0x9e840000,0x9fd7e018,0x9fd80000)
  to   space 21760K, 0% used [0x9fd80000,0x9fd80000,0xa12c0000)
 ParOldGen       total 1108992K, used 962600K [0x154c0000, 0x58fc0000, 0x7e740000)
  object space 1108992K, 86% used [0x154c0000,0x500ca000,0x58fc0000)
 PSPermGen       total 16384K, used 1982K [0x0d4c0000, 0x0e4c0000, 0x154c0000)
  object space 16384K, 12% used [0x0d4c0000,0x0d6af818,0x0e4c0000)

Card table byte_map: [0x0cf91000,0x0d4c0000] byte_map_base: 0x0cf26a00

Polling page: 0xb7750000

Code Cache  [0xb31aa000, 0xb33ea000, 0xb61aa000)
 total_blobs=160 nmethods=46 adapters=68 free_code_cache=48789Kb largest_free_block=49937984

Compilation events (10 events):
Event: 0.592 Thread 0x0b79a800   42             java.util.ArrayList$SubList::listIterator (25 bytes)
Event: 0.594 Thread 0x0b79a800 nmethod 42 0xb3202148 code [0xb3202260, 0xb32023b0]
Event: 0.594 Thread 0x0b79a800   43             java.util.ArrayList$SubList::rangeCheckForAdd (26 bytes)
Event: 0.594 Thread 0x0b79c800   44             java.util.ArrayList$SubList$1::<init> (47 bytes)
Event: 0.595 Thread 0x0b79a800 nmethod 43 0xb3201f48 code [0xb3202040, 0xb32020b0]
Event: 0.595 Thread 0x0b79c800 nmethod 44 0xb3201d08 code [0xb3201e00, 0xb3201e90]
Event: 1.513 Thread 0x0b79a800   45             java.nio.Buffer::position (43 bytes)
Event: 1.515 Thread 0x0b79a800 nmethod 45 0xb3201ac8 code [0xb3201bc0, 0xb3201c70]
Event: 1.515 Thread 0x0b79c800   46             java.nio.ByteBuffer::arrayOffset (35 bytes)
Event: 1.516 Thread 0x0b79c800 nmethod 46 0xb32018c8 code [0xb32019c0, 0xb3201a30]

GC Heap History (10 events):
Event: 0.559 GC heap after
Heap after GC invocations=2 (full 0):
 PSYoungGen      total 284416K, used 21757K [0x7e740000, 0x91240000, 0xb30c0000)
  eden space 262656K, 0% used [0x7e740000,0x7e740000,0x8e7c0000)
  from space 21760K, 99% used [0x8fd00000,0x9123f4b8,0x91240000)
  to   space 21760K, 0% used [0x8e7c0000,0x8e7c0000,0x8fd00000)
 ParOldGen       total 349696K, used 185686K [0x154c0000, 0x2aa40000, 0x7e740000)
  object space 349696K, 53% used [0x154c0000,0x20a158d0,0x2aa40000)
 PSPermGen       total 16384K, used 1981K [0x0d4c0000, 0x0e4c0000, 0x154c0000)
  object space 16384K, 12% used [0x0d4c0000,0x0d6af698,0x0e4c0000)
}
Event: 0.672 GC heap before
{Heap before GC invocations=3 (full 0):
 PSYoungGen      total 284416K, used 284413K [0x7e740000, 0x91240000, 0xb30c0000)
  eden space 262656K, 100% used [0x7e740000,0x8e7c0000,0x8e7c0000)
  from space 21760K, 99% used [0x8fd00000,0x9123f4b8,0x91240000)
  to   space 21760K, 0% used [0x8e7c0000,0x8e7c0000,0x8fd00000)
 ParOldGen       total 349696K, used 185686K [0x154c0000, 0x2aa40000, 0x7e740000)
  object space 349696K, 53% used [0x154c0000,0x20a158d0,0x2aa40000)
 PSPermGen       total 16384K, used 1982K [0x0d4c0000, 0x0e4c0000, 0x154c0000)
  object space 16384K, 12% used [0x0d4c0000,0x0d6af910,0x0e4c0000)
Event: 0.830 GC heap after
Heap after GC invocations=3 (full 0):
 PSYoungGen      total 284416K, used 21749K [0x7e740000, 0xa12c0000, 0xb30c0000)
  eden space 262656K, 0% used [0x7e740000,0x7e740000,0x8e7c0000)
  from space 21760K, 99% used [0x8e7c0000,0x8fcfd628,0x8fd00000)
  to   space 21760K, 0% used [0x9fd80000,0x9fd80000,0xa12c0000)
 ParOldGen       total 395520K, used 395000K [0x154c0000, 0x2d700000, 0x7e740000)
  object space 395520K, 99% used [0x154c0000,0x2d67e0d8,0x2d700000)
 PSPermGen       total 16384K, used 1982K [0x0d4c0000, 0x0e4c0000, 0x154c0000)
  object space 16384K, 12% used [0x0d4c0000,0x0d6af910,0x0e4c0000)
}
Event: 0.830 GC heap before
{Heap before GC invocations=4 (full 1):
 PSYoungGen      total 284416K, used 21749K [0x7e740000, 0xa12c0000, 0xb30c0000)
  eden space 262656K, 0% used [0x7e740000,0x7e740000,0x8e7c0000)
  from space 21760K, 99% used [0x8e7c0000,0x8fcfd628,0x8fd00000)
  to   space 21760K, 0% used [0x9fd80000,0x9fd80000,0xa12c0000)
 ParOldGen       total 395520K, used 395000K [0x154c0000, 0x2d700000, 0x7e740000)
  object space 395520K, 99% used [0x154c0000,0x2d67e0d8,0x2d700000)
 PSPermGen       total 16384K, used 1982K [0x0d4c0000, 0x0e4c0000, 0x154c0000)
  object space 16384K, 12% used [0x0d4c0000,0x0d6af910,0x0e4c0000)
Event: 1.029 GC heap after
Heap after GC invocations=4 (full 1):
 PSYoungGen      total 284416K, used 21237K [0x7e740000, 0xa12c0000, 0xb30c0000)
  eden space 262656K, 0% used [0x7e740000,0x7e740000,0x8e7c0000)
  from space 21760K, 97% used [0x8e7c0000,0x8fc7d468,0x8fd00000)
  to   space 21760K, 0% used [0x9fd80000,0x9fd80000,0xa12c0000)
 ParOldGen       total 782592K, used 395485K [0x154c0000, 0x45100000, 0x7e740000)
  object space 782592K, 50% used [0x154c0000,0x2d6f77a8,0x45100000)
 PSPermGen       total 16384K, used 1981K [0x0d4c0000, 0x0e4c0000, 0x154c0000)
  object space 16384K, 12% used [0x0d4c0000,0x0d6af5c8,0x0e4c0000)
}
Event: 1.098 GC heap before
{Heap before GC invocations=5 (full 1):
 PSYoungGen      total 284416K, used 283893K [0x7e740000, 0xa12c0000, 0xb30c0000)
  eden space 262656K, 100% used [0x7e740000,0x8e7c0000,0x8e7c0000)
  from space 21760K, 97% used [0x8e7c0000,0x8fc7d468,0x8fd00000)
  to   space 21760K, 0% used [0x9fd80000,0x9fd80000,0xa12c0000)
 ParOldGen       total 782592K, used 395485K [0x154c0000, 0x45100000, 0x7e740000)
  object space 782592K, 50% used [0x154c0000,0x2d6f77a8,0x45100000)
 PSPermGen       total 16384K, used 1981K [0x0d4c0000, 0x0e4c0000, 0x154c0000)
  object space 16384K, 12% used [0x0d4c0000,0x0d6af658,0x0e4c0000)
Event: 1.261 GC heap after
Heap after GC invocations=5 (full 1):
 PSYoungGen      total 469760K, used 21750K [0x7e740000, 0xa12c0000, 0xb30c0000)
  eden space 448000K, 0% used [0x7e740000,0x7e740000,0x99cc0000)
  from space 21760K, 99% used [0x9fd80000,0xa12bdae8,0xa12c0000)
  to   space 21760K, 0% used [0x9e840000,0x9e840000,0x9fd80000)
 ParOldGen       total 782592K, used 604303K [0x154c0000, 0x45100000, 0x7e740000)
  object space 782592K, 77% used [0x154c0000,0x3a2e3ca0,0x45100000)
 PSPermGen       total 16384K, used 1981K [0x0d4c0000, 0x0e4c0000, 0x154c0000)
  object space 16384K, 12% used [0x0d4c0000,0x0d6af658,0x0e4c0000)
}
Event: 1.261 GC heap before
{Heap before GC invocations=6 (full 2):
 PSYoungGen      total 469760K, used 21750K [0x7e740000, 0xa12c0000, 0xb30c0000)
  eden space 448000K, 0% used [0x7e740000,0x7e740000,0x99cc0000)
  from space 21760K, 99% used [0x9fd80000,0xa12bdae8,0xa12c0000)
  to   space 21760K, 0% used [0x9e840000,0x9e840000,0x9fd80000)
 ParOldGen       total 782592K, used 604303K [0x154c0000, 0x45100000, 0x7e740000)
  object space 782592K, 77% used [0x154c0000,0x3a2e3ca0,0x45100000)
 PSPermGen       total 16384K, used 1981K [0x0d4c0000, 0x0e4c0000, 0x154c0000)
  object space 16384K, 12% used [0x0d4c0000,0x0d6af658,0x0e4c0000)
Event: 1.338 GC heap after
Heap after GC invocations=6 (full 2):
 PSYoungGen      total 469760K, used 0K [0x7e740000, 0xa12c0000, 0xb30c0000)
  eden space 448000K, 0% used [0x7e740000,0x7e740000,0x99cc0000)
  from space 21760K, 0% used [0x9fd80000,0x9fd80000,0xa12c0000)
  to   space 21760K, 0% used [0x9e840000,0x9e840000,0x9fd80000)
 ParOldGen       total 1108992K, used 626042K [0x154c0000, 0x58fc0000, 0x7e740000)
  object space 1108992K, 56% used [0x154c0000,0x3b81ebf0,0x58fc0000)
 PSPermGen       total 16384K, used 1981K [0x0d4c0000, 0x0e4c0000, 0x154c0000)
  object space 16384K, 12% used [0x0d4c0000,0x0d6af658,0x0e4c0000)
}
Event: 1.534 GC heap before
{Heap before GC invocations=7 (full 2):
 PSYoungGen      total 469760K, used 448000K [0x7e740000, 0xa12c0000, 0xb30c0000)
  eden space 448000K, 100% used [0x7e740000,0x99cc0000,0x99cc0000)
  from space 21760K, 0% used [0x9fd80000,0x9fd80000,0xa12c0000)
  to   space 21760K, 0% used [0x9e840000,0x9e840000,0x9fd80000)
 ParOldGen       total 1108992K, used 626042K [0x154c0000, 0x58fc0000, 0x7e740000)
  object space 1108992K, 56% used [0x154c0000,0x3b81ebf0,0x58fc0000)
 PSPermGen       total 16384K, used 1982K [0x0d4c0000, 0x0e4c0000, 0x154c0000)
  object space 16384K, 12% used [0x0d4c0000,0x0d6af818,0x0e4c0000)

Deoptimization events (1 events):
Event: 0.286 Thread 0xb6207800 Uncommon trap: reason=predicate action=maybe_recompile pc=0xb3200dbc method=java.util.AbstractCollection.toArray([Ljava/lang/Object;)[Ljava/lang/Object; @ 49

Internal exceptions (5 events):
Event: 0.043 Thread 0xb6207800 Threw 0x7e74e6d0 at /build/openjdk-7-3Ac3LZ/openjdk-7-7u91-2.6.3/build/openjdk/hotspot/src/share/vm/prims/jni.cpp:4027
Event: 0.099 Thread 0xb6207800 Threw 0x7e785160 at /build/openjdk-7-3Ac3LZ/openjdk-7-7u91-2.6.3/build/openjdk/hotspot/src/share/vm/prims/jni.cpp:721
Event: 0.099 Thread 0xb6207800 Threw 0x7e7852d8 at /build/openjdk-7-3Ac3LZ/openjdk-7-7u91-2.6.3/build/openjdk/hotspot/src/share/vm/prims/jvm.cpp:1322
Event: 0.100 Thread 0xb6207800 Threw 0x7e7853f0 at /build/openjdk-7-3Ac3LZ/openjdk-7-7u91-2.6.3/build/openjdk/hotspot/src/share/vm/prims/jvm.cpp:1322
Event: 0.100 Thread 0xb6207800 Threw 0x7e786360 at /build/openjdk-7-3Ac3LZ/openjdk-7-7u91-2.6.3/build/openjdk/hotspot/src/share/vm/prims/jvm.cpp:1322

Events (10 events):
Event: 0.286 Thread 0xb6207800 DEOPT UNPACKING pc=0xb31d6bc8 sp=0xb6382f38 mode 2
Event: 0.354 Executing VM operation: ParallelGCFailedAllocation
Event: 0.431 Executing VM operation: ParallelGCFailedAllocation done
Event: 0.468 Executing VM operation: ParallelGCFailedAllocation
Event: 0.559 Executing VM operation: ParallelGCFailedAllocation done
Event: 0.672 Executing VM operation: ParallelGCFailedAllocation
Event: 1.030 Executing VM operation: ParallelGCFailedAllocation done
Event: 1.098 Executing VM operation: ParallelGCFailedAllocation
Event: 1.338 Executing VM operation: ParallelGCFailedAllocation done
Event: 1.534 Executing VM operation: ParallelGCFailedAllocation


Dynamic libraries:
02d68000-08048000 rw-p 00000000 00:00 0 
08048000-08049000 r-xp 00000000 08:05 3018512    /usr/lib/jvm/java-7-openjdk-i386/jre/bin/java
08049000-0804a000 r--p 00000000 08:05 3018512    /usr/lib/jvm/java-7-openjdk-i386/jre/bin/java
0804a000-0804b000 rw-p 00001000 08:05 3018512    /usr/lib/jvm/java-7-openjdk-i386/jre/bin/java
090e7000-09108000 rw-p 00000000 00:00 0          [heap]
0ad00000-0ad2e000 rw-p 00000000 00:00 0 
0ad2e000-0ae00000 ---p 00000000 00:00 0 
0af00000-0afce000 rw-p 00000000 00:00 0 
0afce000-0b000000 ---p 00000000 00:00 0 
0b02c000-0b02d000 ---p 00000000 00:00 0 
0b02d000-0b0ad000 rw-p 00000000 00:00 0          [stack:5449]
0b0ad000-0b0b0000 ---p 00000000 00:00 0 
0b0b0000-0b0fe000 rw-p 00000000 00:00 0          [stack:5448]
0b0fe000-0b101000 ---p 00000000 00:00 0 
0b101000-0b17f000 rw-p 00000000 00:00 0          [stack:5447]
0b17f000-0b182000 ---p 00000000 00:00 0 
0b182000-0b200000 rw-p 00000000 00:00 0          [stack:5446]
0b200000-0b400000 r--p 00000000 08:05 3023385    /usr/lib/locale/locale-archive
0b400000-0b421000 rw-p 00000000 00:00 0 
0b421000-0b500000 ---p 00000000 00:00 0 
0b500000-0b5f8000 rw-p 00000000 00:00 0 
0b5f8000-0b600000 ---p 00000000 00:00 0 
0b60d000-0b610000 ---p 00000000 00:00 0 
0b610000-0b65e000 rw-p 00000000 00:00 0          [stack:5445]
0b65e000-0b661000 ---p 00000000 00:00 0 
0b661000-0b6af000 rw-p 00000000 00:00 0          [stack:5444]
0b6af000-0b6b2000 ---p 00000000 00:00 0 
0b6b2000-0b700000 rw-p 00000000 00:00 0          [stack:5443]
0b700000-0b7f6000 rw-p 00000000 00:00 0 
0b7f6000-0b800000 ---p 00000000 00:00 0 
0b828000-0b829000 ---p 00000000 00:00 0 
0b829000-0b8f2000 rw-p 00000000 00:00 0          [stack:5442]
0b8f2000-0baa4000 r--s 01d2e000 08:05 3018617    /usr/lib/jvm/java-7-openjdk-i386/jre/lib/rt.jar
0baa4000-0c500000 rw-p 00000000 00:00 0 
0c500000-0c5ff000 rw-p 00000000 00:00 0 
0c5ff000-0c600000 ---p 00000000 00:00 0 
0c624000-0c67f000 rw-p 00000000 00:00 0 
0c67f000-0c680000 ---p 00000000 00:00 0 
0c680000-0c700000 rw-p 00000000 00:00 0          [stack:5441]
0c700000-0c721000 rw-p 00000000 00:00 0 
0c721000-0c800000 ---p 00000000 00:00 0 
0c800000-0c821000 rw-p 00000000 00:00 0 
0c821000-0c900000 ---p 00000000 00:00 0 
0c940000-0c97f000 rw-p 00000000 00:00 0 
0c97f000-0c980000 ---p 00000000 00:00 0 
0c980000-0ca00000 rw-p 00000000 00:00 0          [stack:5440]
0ca00000-0ca21000 rw-p 00000000 00:00 0 
0ca21000-0cb00000 ---p 00000000 00:00 0 
0cb05000-0cb06000 ---p 00000000 00:00 0 
0cb06000-0cb86000 rw-p 00000000 00:00 0          [stack:5439]
0cb86000-0cb87000 ---p 00000000 00:00 0 
0cb87000-0cc0f000 rw-p 00000000 00:00 0          [stack:5438]
0cc0f000-0cc47000 rw-p 00000000 00:00 0 
0cc47000-0ce65000 rw-p 00000000 00:00 0 
0ce65000-0cf91000 rw-p 00000000 00:00 0 
0cf91000-0cf99000 rw-p 00000000 00:00 0 
0cf99000-0cfd1000 rw-p 00000000 00:00 0 
0cfd1000-0d1ef000 rw-p 00000000 00:00 0 
0d1ef000-0d31a000 rw-p 00000000 00:00 0 
0d31a000-0d430000 rw-p 00000000 00:00 0 
0d430000-0d4bf000 rw-p 00000000 00:00 0 
0d4bf000-0e4c0000 rw-p 00000000 00:00 0 
0e4c0000-154c0000 rw-p 00000000 00:00 0 
154c0000-58fc0000 rw-p 00000000 00:00 0 
58fc0000-7e740000 rw-p 00000000 00:00 0 
7e740000-a12c0000 rw-p 00000000 00:00 0 
b30e6000-b30ea000 r--s 0003c000 08:05 3145780    /usr/lib/jvm/java-7-openjdk-i386/jre/lib/ext/sunpkcs11.jar
b30ea000-b30f3000 rw-p 00000000 00:00 0 
b30f3000-b31aa000 rw-p 00000000 00:00 0 
b31aa000-b33ea000 rwxp 00000000 00:00 0 
b33ea000-b61aa000 rw-p 00000000 00:00 0 
b61aa000-b61b6000 r-xp 00000000 08:05 9700540    /lib/i386-linux-gnu/libnss_files-2.21.so
b61b6000-b61b7000 r--p 0000b000 08:05 9700540    /lib/i386-linux-gnu/libnss_files-2.21.so
b61b7000-b61b8000 rw-p 0000c000 08:05 9700540    /lib/i386-linux-gnu/libnss_files-2.21.so
b61b8000-b61c3000 r-xp 00000000 08:05 9700550    /lib/i386-linux-gnu/libnss_nis-2.21.so
b61c3000-b61c4000 r--p 0000a000 08:05 9700550    /lib/i386-linux-gnu/libnss_nis-2.21.so
b61c4000-b61c5000 rw-p 0000b000 08:05 9700550    /lib/i386-linux-gnu/libnss_nis-2.21.so
b61c5000-b61dc000 r-xp 00000000 08:05 9700534    /lib/i386-linux-gnu/libnsl-2.21.so
b61dc000-b61dd000 r--p 00016000 08:05 9700534    /lib/i386-linux-gnu/libnsl-2.21.so
b61dd000-b61de000 rw-p 00017000 08:05 9700534    /lib/i386-linux-gnu/libnsl-2.21.so
b61de000-b61e0000 rw-p 00000000 00:00 0 
b61e1000-b61e3000 r--s 00007000 08:05 3540294    /usr/share/java/java-atk-wrapper.jar
b61e3000-b61e7000 r--s 00085000 08:05 3145777    /usr/lib/jvm/java-7-openjdk-i386/jre/lib/ext/localedata.jar
b61e7000-b61ea000 r--s 0000f000 08:05 3145778    /usr/lib/jvm/java-7-openjdk-i386/jre/lib/ext/icedtea-sound.jar
b61ea000-b61ee000 r--s 00034000 08:05 3145779    /usr/lib/jvm/java-7-openjdk-i386/jre/lib/ext/sunjce_provider.jar
b61ee000-b61f6000 r-xp 00000000 08:05 3019012    /usr/lib/jvm/java-7-openjdk-i386/jre/lib/i386/libzip.so
b61f6000-b61f7000 r--p 00007000 08:05 3019012    /usr/lib/jvm/java-7-openjdk-i386/jre/lib/i386/libzip.so
b61f7000-b61f8000 rw-p 00008000 08:05 3019012    /usr/lib/jvm/java-7-openjdk-i386/jre/lib/i386/libzip.so
b61f8000-b6200000 rw-s 00000000 08:05 655636     /tmp/hsperfdata_kamel/5432
b6200000-b62ff000 rw-p 00000000 00:00 0 
b62ff000-b6300000 ---p 00000000 00:00 0 
b6301000-b6302000 r--s 00002000 08:05 3145785    /usr/lib/jvm/java-7-openjdk-i386/jre/lib/ext/dnsns.jar
b6302000-b6328000 r-xp 00000000 08:05 3019415    /usr/lib/jvm/java-7-openjdk-i386/jre/lib/i386/libjava.so
b6328000-b6329000 r--p 00025000 08:05 3019415    /usr/lib/jvm/java-7-openjdk-i386/jre/lib/i386/libjava.so
b6329000-b632a000 rw-p 00026000 08:05 3019415    /usr/lib/jvm/java-7-openjdk-i386/jre/lib/i386/libjava.so
b632a000-b6331000 r-xp 00000000 08:05 9700595    /lib/i386-linux-gnu/librt-2.21.so
b6331000-b6332000 r--p 00006000 08:05 9700595    /lib/i386-linux-gnu/librt-2.21.so
b6332000-b6333000 rw-p 00007000 08:05 9700595    /lib/i386-linux-gnu/librt-2.21.so
b6333000-b6336000 ---p 00000000 00:00 0 
b6336000-b6384000 rw-p 00000000 00:00 0          [stack:5437]
b6384000-b63a0000 r-xp 00000000 08:05 9703891    /lib/i386-linux-gnu/libgcc_s.so.1
b63a0000-b63a1000 r--p 0001b000 08:05 9703891    /lib/i386-linux-gnu/libgcc_s.so.1
b63a1000-b63a2000 rw-p 0001c000 08:05 9703891    /lib/i386-linux-gnu/libgcc_s.so.1
b63a2000-b63ed000 r-xp 00000000 08:05 9700513    /lib/i386-linux-gnu/libm-2.21.so
b63ed000-b63ee000 r--p 0004a000 08:05 9700513    /lib/i386-linux-gnu/libm-2.21.so
b63ee000-b63ef000 rw-p 0004b000 08:05 9700513    /lib/i386-linux-gnu/libm-2.21.so
b63ef000-b655c000 r-xp 00000000 08:05 3021447    /usr/lib/i386-linux-gnu/libstdc++.so.6.0.21
b655c000-b655d000 ---p 0016d000 08:05 3021447    /usr/lib/i386-linux-gnu/libstdc++.so.6.0.21
b655d000-b6562000 r--p 0016d000 08:05 3021447    /usr/lib/i386-linux-gnu/libstdc++.so.6.0.21
b6562000-b6563000 rw-p 00172000 08:05 3021447    /usr/lib/i386-linux-gnu/libstdc++.so.6.0.21
b6563000-b6566000 rw-p 00000000 00:00 0 
b6566000-b70cc000 r-xp 00000000 08:05 3019481    /usr/lib/jvm/java-7-openjdk-i386/jre/lib/i386/server/libjvm.so
b70cc000-b7117000 r--p 00b65000 08:05 3019481    /usr/lib/jvm/java-7-openjdk-i386/jre/lib/i386/server/libjvm.so
b7117000-b712b000 rw-p 00bb0000 08:05 3019481    /usr/lib/jvm/java-7-openjdk-i386/jre/lib/i386/server/libjvm.so
b712b000-b7548000 rw-p 00000000 00:00 0 
b7548000-b7561000 r-xp 00000000 08:05 9699423    /lib/i386-linux-gnu/libz.so.1.2.8
b7561000-b7562000 r--p 00018000 08:05 9699423    /lib/i386-linux-gnu/libz.so.1.2.8
b7562000-b7563000 rw-p 00019000 08:05 9699423    /lib/i386-linux-gnu/libz.so.1.2.8
b7563000-b7564000 rw-p 00000000 00:00 0 
b7564000-b757d000 r-xp 00000000 08:05 9700587    /lib/i386-linux-gnu/libpthread-2.21.so
b757d000-b757e000 r--p 00018000 08:05 9700587    /lib/i386-linux-gnu/libpthread-2.21.so
b757e000-b757f000 rw-p 00019000 08:05 9700587    /lib/i386-linux-gnu/libpthread-2.21.so
b757f000-b7581000 rw-p 00000000 00:00 0 
b7581000-b7584000 r-xp 00000000 08:05 9700471    /lib/i386-linux-gnu/libdl-2.21.so
b7584000-b7585000 r--p 00002000 08:05 9700471    /lib/i386-linux-gnu/libdl-2.21.so
b7585000-b7586000 rw-p 00003000 08:05 9700471    /lib/i386-linux-gnu/libdl-2.21.so
b7586000-b773a000 r-xp 00000000 08:05 9700454    /lib/i386-linux-gnu/libc-2.21.so
b773a000-b773d000 r--p 001b3000 08:05 9700454    /lib/i386-linux-gnu/libc-2.21.so
b773d000-b773f000 rw-p 001b6000 08:05 9700454    /lib/i386-linux-gnu/libc-2.21.so
b773f000-b7741000 rw-p 00000000 00:00 0 
b7741000-b7743000 r--s 00012000 08:05 3145776    /usr/lib/jvm/java-7-openjdk-i386/jre/lib/ext/zipfs.jar
b7743000-b7744000 r--p 005e0000 08:05 3023385    /usr/lib/locale/locale-archive
b7744000-b7745000 r--p 00859000 08:05 3023385    /usr/lib/locale/locale-archive
b7745000-b774d000 r-xp 00000000 08:05 9700536    /lib/i386-linux-gnu/libnss_compat-2.21.so
b774d000-b774e000 r--p 00007000 08:05 9700536    /lib/i386-linux-gnu/libnss_compat-2.21.so
b774e000-b774f000 rw-p 00008000 08:05 9700536    /lib/i386-linux-gnu/libnss_compat-2.21.so
b774f000-b7750000 rw-p 00000000 00:00 0 
b7750000-b7751000 ---p 00000000 00:00 0 
b7751000-b775f000 r-xp 00000000 08:05 3019533    /usr/lib/jvm/java-7-openjdk-i386/jre/lib/i386/libverify.so
b775f000-b7760000 r--p 0000d000 08:05 3019533    /usr/lib/jvm/java-7-openjdk-i386/jre/lib/i386/libverify.so
b7760000-b7761000 rw-p 0000e000 08:05 3019533    /usr/lib/jvm/java-7-openjdk-i386/jre/lib/i386/libverify.so
b7761000-b776d000 r-xp 00000000 08:05 3019535    /usr/lib/jvm/java-7-openjdk-i386/jre/lib/i386/jli/libjli.so
b776d000-b776e000 r--p 0000b000 08:05 3019535    /usr/lib/jvm/java-7-openjdk-i386/jre/lib/i386/jli/libjli.so
b776e000-b776f000 rw-p 0000c000 08:05 3019535    /usr/lib/jvm/java-7-openjdk-i386/jre/lib/i386/jli/libjli.so
b776f000-b7772000 rw-p 00000000 00:00 0 
b7772000-b7774000 r--p 00000000 00:00 0          [vvar]
b7774000-b7775000 r-xp 00000000 00:00 0          [vdso]
b7775000-b7797000 r-xp 00000000 08:05 9700426    /lib/i386-linux-gnu/ld-2.21.so
b7797000-b7798000 r--p 00021000 08:05 9700426    /lib/i386-linux-gnu/ld-2.21.so
b7798000-b7799000 rw-p 00022000 08:05 9700426    /lib/i386-linux-gnu/ld-2.21.so
bfbd1000-bfbd2000 rwxp 00000000 00:00 0 
bfc04000-bfc25000 rw-p 00000000 00:00 0          [stack]

VM Arguments:
jvm_args: -Xms512M -Xmx2524M -Dfile.encoding=UTF-8 
java_command: com.kaliheragmi.batarm.Preprocessing
Launcher Type: SUN_STANDARD

Environment Variables:
JAVA_HOME=/usr/lib/jvm/default-java
PATH=/usr/local/sbin:/usr/local/bin:/usr/sbin:/usr/bin:/sbin:/bin:/usr/games:/usr/local/games:/opt/android-sdk/tools:/opt/android-sdk/platform-tools:/opt/node/bin
LD_LIBRARY_PATH=/usr/lib/jvm/java-7-openjdk-i386/jre/lib/i386/server:/usr/lib/jvm/java-7-openjdk-i386/jre/lib/i386:/usr/lib/jvm/java-7-openjdk-i386/jre/../lib/i386:/usr/lib/jvm/java-8-oracle/jre/lib/i386/client:/usr/lib/jvm/java-8-oracle/jre/lib/i386:
SHELL=/bin/bash
DISPLAY=:0

Signal Handlers:
SIGSEGV: [libjvm.so+0x80e7a0], sa_mask[0]=0x7ffbfeff, sa_flags=0x10000004
SIGBUS: [libjvm.so+0x80e7a0], sa_mask[0]=0x7ffbfeff, sa_flags=0x10000004
SIGFPE: [libjvm.so+0x688640], sa_mask[0]=0x7ffbfeff, sa_flags=0x10000004
SIGPIPE: [libjvm.so+0x688640], sa_mask[0]=0x7ffbfeff, sa_flags=0x10000004
SIGXFSZ: [libjvm.so+0x688640], sa_mask[0]=0x7ffbfeff, sa_flags=0x10000004
SIGILL: [libjvm.so+0x688640], sa_mask[0]=0x7ffbfeff, sa_flags=0x10000004
SIGUSR1: SIG_DFL, sa_mask[0]=0x00000000, sa_flags=0x00000000
SIGUSR2: [libjvm.so+0x688490], sa_mask[0]=0x00000004, sa_flags=0x10000004
SIGHUP: [libjvm.so+0x688670], sa_mask[0]=0x7ffbfeff, sa_flags=0x10000004
SIGINT: [libjvm.so+0x688670], sa_mask[0]=0x7ffbfeff, sa_flags=0x10000004
SIGTERM: [libjvm.so+0x688670], sa_mask[0]=0x7ffbfeff, sa_flags=0x10000004
SIGQUIT: [libjvm.so+0x688670], sa_mask[0]=0x7ffbfeff, sa_flags=0x10000004
SIGTRAP: SIG_DFL, sa_mask[0]=0x00000000, sa_flags=0x00000000


---------------  S Y S T E M  ---------------

OS:Ubuntu 15.10 (wily)
uname:Linux 4.2.0-19-generic #23-Ubuntu SMP Wed Nov 11 11:38:40 UTC 2015 i686
libc:glibc 2.21 NPTL 2.21 
rlimit: STACK 8192k, CORE 0k, NPROC 30587, NOFILE 65536, AS infinity
load average:1.17 1.52 1.75

/proc/meminfo:
MemTotal:        3948356 kB
MemFree:          123844 kB
MemAvailable:     320464 kB
Buffers:           21300 kB
Cached:           546232 kB
SwapCached:            0 kB
Active:          3323040 kB
Inactive:         388804 kB
Active(anon):    3204616 kB
Inactive(anon):   313452 kB
Active(file):     118424 kB
Inactive(file):    75352 kB
Unevictable:           8 kB
Mlocked:               8 kB
HighTotal:       3097348 kB
HighFree:           7016 kB
LowTotal:         851008 kB
LowFree:          116828 kB
SwapTotal:             0 kB
SwapFree:              0 kB
Dirty:                80 kB
Writeback:             0 kB
AnonPages:       3144020 kB
Mapped:           250840 kB
Shmem:            373516 kB
Slab:              56436 kB
SReclaimable:      27756 kB
SUnreclaim:        28680 kB
KernelStack:        5472 kB
PageTables:        18320 kB
NFS_Unstable:          0 kB
Bounce:                0 kB
WritebackTmp:          0 kB
CommitLimit:     1974176 kB
Committed_AS:    8743632 kB
VmallocTotal:     122880 kB
VmallocUsed:       18800 kB
VmallocChunk:      40740 kB
AnonHugePages:   1832960 kB
CmaTotal:              0 kB
CmaFree:               0 kB
HugePages_Total:       0
HugePages_Free:        0
HugePages_Rsvd:        0
HugePages_Surp:        0
Hugepagesize:       2048 kB
DirectMap4k:       63480 kB
DirectMap2M:      847872 kB


CPU:total 4 (2 cores per cpu, 2 threads per core) family 6 model 58 stepping 9, cmov, cx8, fxsr, mmx, sse, sse2, sse3, ssse3, sse4.1, sse4.2, popcnt, avx, aes, erms, ht, tsc, tscinvbit, tscinv

/proc/cpuinfo:
processor	: 0
vendor_id	: GenuineIntel
cpu family	: 6
model		: 58
model name	: Intel(R) Core(TM) i5-3230M CPU @ 2.60GHz
stepping	: 9
microcode	: 0x1b
cpu MHz		: 2999.953
cache size	: 3072 KB
physical id	: 0
siblings	: 4
core id		: 0
cpu cores	: 2
apicid		: 0
initial apicid	: 0
fdiv_bug	: no
f00f_bug	: no
coma_bug	: no
fpu		: yes
fpu_exception	: yes
cpuid level	: 13
wp		: yes
flags		: fpu vme de pse tsc msr pae mce cx8 apic sep mtrr pge mca cmov pat pse36 clflush dts acpi mmx fxsr sse sse2 ss ht tm pbe nx rdtscp lm constant_tsc arch_perfmon pebs bts xtopology nonstop_tsc aperfmperf eagerfpu pni pclmulqdq dtes64 monitor ds_cpl vmx est tm2 ssse3 cx16 xtpr pdcm pcid sse4_1 sse4_2 x2apic popcnt tsc_deadline_timer aes xsave avx f16c rdrand lahf_lm ida arat epb pln pts dtherm tpr_shadow vnmi flexpriority ept vpid fsgsbase smep erms xsaveopt
bugs		:
bogomips	: 5188.46
clflush size	: 64
cache_alignment	: 64
address sizes	: 36 bits physical, 48 bits virtual
power management:

processor	: 1
vendor_id	: GenuineIntel
cpu family	: 6
model		: 58
model name	: Intel(R) Core(TM) i5-3230M CPU @ 2.60GHz
stepping	: 9
microcode	: 0x1b
cpu MHz		: 2909.664
cache size	: 3072 KB
physical id	: 0
siblings	: 4
core id		: 0
cpu cores	: 2
apicid		: 1
initial apicid	: 1
fdiv_bug	: no
f00f_bug	: no
coma_bug	: no
fpu		: yes
fpu_exception	: yes
cpuid level	: 13
wp		: yes
flags		: fpu vme de pse tsc msr pae mce cx8 apic sep mtrr pge mca cmov pat pse36 clflush dts acpi mmx fxsr sse sse2 ss ht tm pbe nx rdtscp lm constant_tsc arch_perfmon pebs bts xtopology nonstop_tsc aperfmperf eagerfpu pni pclmulqdq dtes64 monitor ds_cpl vmx est tm2 ssse3 cx16 xtpr pdcm pcid sse4_1 sse4_2 x2apic popcnt tsc_deadline_timer aes xsave avx f16c rdrand lahf_lm ida arat epb pln pts dtherm tpr_shadow vnmi flexpriority ept vpid fsgsbase smep erms xsaveopt
bugs		:
bogomips	: 5188.46
clflush size	: 64
cache_alignment	: 64
address sizes	: 36 bits physical, 48 bits virtual
power management:

processor	: 2
vendor_id	: GenuineIntel
cpu family	: 6
model		: 58
model name	: Intel(R) Core(TM) i5-3230M CPU @ 2.60GHz
stepping	: 9
microcode	: 0x1b
cpu MHz		: 2999.953
cache size	: 3072 KB
physical id	: 0
siblings	: 4
core id		: 1
cpu cores	: 2
apicid		: 2
initial apicid	: 2
fdiv_bug	: no
f00f_bug	: no
coma_bug	: no
fpu		: yes
fpu_exception	: yes
cpuid level	: 13
wp		: yes
flags		: fpu vme de pse tsc msr pae mce cx8 apic sep mtrr pge mca cmov pat pse36 clflush dts acpi mmx fxsr sse sse2 ss ht tm pbe nx rdtscp lm constant_tsc arch_perfmon pebs bts xtopology nonstop_tsc aperfmperf eagerfpu pni pclmulqdq dtes64 monitor ds_cpl vmx est tm2 ssse3 cx16 xtpr pdcm pcid sse4_1 sse4_2 x2apic popcnt tsc_deadline_timer aes xsave avx f16c rdrand lahf_lm ida arat epb pln pts dtherm tpr_shadow vnmi flexpriority ept vpid fsgsbase smep erms xsaveopt
bugs		:
bogomips	: 5188.46
clflush size	: 64
cache_alignment	: 64
address sizes	: 36 bits physical, 48 bits virtual
power management:

processor	: 3
vendor_id	: GenuineIntel
cpu family	: 6
model		: 58
model name	: Intel(R) Core(TM) i5-3230M CPU @ 2.60GHz
stepping	: 9
microcode	: 0x1b
cpu MHz		: 3060.992
cache size	: 3072 KB
physical id	: 0
siblings	: 4
core id		: 1
cpu cores	: 2
apicid		: 3
initial apicid	: 3
fdiv_bug	: no
f00f_bug	: no
coma_bug	: no
fpu		: yes
fpu_exception	: yes
cpuid level	: 13
wp		: yes
flags		: fpu vme de pse tsc msr pae mce cx8 apic sep mtrr pge mca cmov pat pse36 clflush dts acpi mmx fxsr sse sse2 ss ht tm pbe nx rdtscp lm constant_tsc arch_perfmon pebs bts xtopology nonstop_tsc aperfmperf eagerfpu pni pclmulqdq dtes64 monitor ds_cpl vmx est tm2 ssse3 cx16 xtpr pdcm pcid sse4_1 sse4_2 x2apic popcnt tsc_deadline_timer aes xsave avx f16c rdrand lahf_lm ida arat epb pln pts dtherm tpr_shadow vnmi flexpriority ept vpid fsgsbase smep erms xsaveopt
bugs		:
bogomips	: 5188.46
clflush size	: 64
cache_alignment	: 64
address sizes	: 36 bits physical, 48 bits virtual
power management:



Memory: 4k page, physical 3948356k(123844k free), swap 0k(0k free)

vm_info: OpenJDK Server VM (24.91-b01) for linux-x86 JRE (1.7.0_91-b02), built on Nov 19 2015 06:12:05 by "buildd" with gcc 5.2.1 20151010

time: Tue Dec  8 22:19:38 2015
elapsed time: 1 seconds

