#
# There is insufficient memory for the Java Runtime Environment to continue.
# Native memory allocation (malloc) failed to allocate 299892736 bytes for committing reserved memory.
# Possible reasons:
#   The system is out of physical RAM or swap space
#   In 32 bit mode, the process size limit was hit
# Possible solutions:
#   Reduce memory load on the system
#   Increase physical memory or swap space
#   Check if swap backing store is full
#   Use 64 bit Java on a 64 bit OS
#   Decrease Java heap size (-Xmx/-Xms)
#   Decrease number of Java threads
#   Decrease Java thread stack sizes (-Xss)
#   Set larger code cache with -XX:ReservedCodeCacheSize=
# This output file may be truncated or incomplete.
#
#  Out of Memory Error (os_linux.cpp:2827), pid=5299, tid=193628992
#
# JRE version: OpenJDK Runtime Environment (7.0_91-b02) (build 1.7.0_91-b02)
# Java VM: OpenJDK Server VM (24.91-b01 mixed mode linux-x86 )
# Derivative: IcedTea 2.6.3
# Distribution: Ubuntu 15.10, package 7u91-2.6.3-0ubuntu0.15.10.1
# Failed to write core dump. Core dumps have been disabled. To enable core dumping, try "ulimit -c unlimited" before starting Java again
#

---------------  T H R E A D  ---------------

Current thread (0x0b781400):  VMThread [stack: 0x0b828000,0x0b8a9000] [id=5311]

Stack: [0x0b828000,0x0b8a9000]
VM_Operation (0xb6390ed4): ParallelGCFailedAllocation, mode: safepoint, requested by thread 0xb6207800


---------------  P R O C E S S  ---------------

Java Threads: ( => current thread )
  0x0b79e400 JavaThread "Service Thread" daemon [_thread_blocked, id=5317, stack(0x0b0ad000,0x0b0fe000)]
  0x0b79c800 JavaThread "C2 CompilerThread1" daemon [_thread_blocked, id=5316, stack(0x0b0fe000,0x0b17f000)]
  0x0b79a800 JavaThread "C2 CompilerThread0" daemon [_thread_blocked, id=5315, stack(0x0b17f000,0x0b200000)]
  0x0b798c00 JavaThread "Signal Dispatcher" daemon [_thread_blocked, id=5314, stack(0x0b60d000,0x0b65e000)]
  0x0b785800 JavaThread "Finalizer" daemon [_thread_blocked, id=5313, stack(0x0b65e000,0x0b6af000)]
  0x0b784000 JavaThread "Reference Handler" daemon [_thread_blocked, id=5312, stack(0x0b6af000,0x0b700000)]
  0xb6207800 JavaThread "main" [_thread_blocked, id=5306, stack(0xb6341000,0xb6392000)]

Other Threads:
=>0x0b781400 VMThread [stack: 0x0b828000,0x0b8a9000] [id=5311]
  0x0b7a0000 WatcherThread [stack: 0x0b02c000,0x0b0ad000] [id=5318]

VM state:at safepoint (normal execution)

VM Mutex/Monitor currently owned by a thread:  ([mutex/lock_event])
[0xb6204ff8] Threads_lock - owner thread: 0x0b781400
[0xb6205408] Heap_lock - owner thread: 0xb6207800

Heap
 PSYoungGen      total 490496K, used 21757K [0x7e740000, 0xa12c0000, 0xb30c0000)
  eden space 468736K, 0% used [0x7e740000,0x7e740000,0x9b100000)
  from space 21760K, 99% used [0x9e840000,0x9fd7f700,0x9fd80000)
  to   space 21760K, 0% used [0x9fd80000,0x9fd80000,0xa12c0000)
 ParOldGen       total 1095168K, used 981142K [0x154c0000, 0x58240000, 0x7e740000)
  object space 1095168K, 89% used [0x154c0000,0x512e59e8,0x58240000)
 PSPermGen       total 16384K, used 1981K [0x0d4c0000, 0x0e4c0000, 0x154c0000)
  object space 16384K, 12% used [0x0d4c0000,0x0d6af7b0,0x0e4c0000)

Card table byte_map: [0x0cf91000,0x0d4c0000] byte_map_base: 0x0cf26a00

Polling page: 0xb775e000

Code Cache  [0xb31b7000, 0xb33f7000, 0xb61b7000)
 total_blobs=157 nmethods=43 adapters=68 free_code_cache=48789Kb largest_free_block=49945856

Compilation events (10 events):
Event: 1.136 Thread 0x0b79c800   39             java.util.ArrayList::subList (22 bytes)
Event: 1.136 Thread 0x0b79a800   40             java.util.ArrayList::subListRangeCheck (110 bytes)
Event: 1.136 Thread 0x0b79a800 nmethod 40 0xb3211dc8 code [0xb3211ec0, 0xb3211f50]
Event: 1.136 Thread 0x0b79a800   41             java.util.ArrayList$SubList::<init> (46 bytes)
Event: 1.137 Thread 0x0b79a800 nmethod 41 0xb3211b48 code [0xb3211c40, 0xb3211cd0]
Event: 1.138 Thread 0x0b79c800 nmethod 39 0xb32137c8 code [0xb32138c0, 0xb32139d0]
Event: 2.405 Thread 0x0b79a800   42             java.nio.Buffer::position (43 bytes)
Event: 2.406 Thread 0x0b79a800 nmethod 42 0xb3213588 code [0xb3213680, 0xb3213730]
Event: 2.413 Thread 0x0b79c800   43             java.nio.ByteBuffer::arrayOffset (35 bytes)
Event: 2.414 Thread 0x0b79c800 nmethod 43 0xb3213308 code [0xb3213400, 0xb3213470]

GC Heap History (10 events):
Event: 1.091 GC heap after
Heap after GC invocations=2 (full 0):
 PSYoungGen      total 284416K, used 21750K [0x7e740000, 0x91240000, 0xb30c0000)
  eden space 262656K, 0% used [0x7e740000,0x7e740000,0x8e7c0000)
  from space 21760K, 99% used [0x8fd00000,0x9123dbb0,0x91240000)
  to   space 21760K, 0% used [0x8e7c0000,0x8e7c0000,0x8fd00000)
 ParOldGen       total 349696K, used 185674K [0x154c0000, 0x2aa40000, 0x7e740000)
  object space 349696K, 53% used [0x154c0000,0x20a12940,0x2aa40000)
 PSPermGen       total 16384K, used 1981K [0x0d4c0000, 0x0e4c0000, 0x154c0000)
  object space 16384K, 12% used [0x0d4c0000,0x0d6af630,0x0e4c0000)
}
Event: 1.272 GC heap before
{Heap before GC invocations=3 (full 0):
 PSYoungGen      total 284416K, used 284406K [0x7e740000, 0x91240000, 0xb30c0000)
  eden space 262656K, 100% used [0x7e740000,0x8e7c0000,0x8e7c0000)
  from space 21760K, 99% used [0x8fd00000,0x9123dbb0,0x91240000)
  to   space 21760K, 0% used [0x8e7c0000,0x8e7c0000,0x8fd00000)
 ParOldGen       total 349696K, used 185674K [0x154c0000, 0x2aa40000, 0x7e740000)
  object space 349696K, 53% used [0x154c0000,0x20a12940,0x2aa40000)
 PSPermGen       total 16384K, used 1982K [0x0d4c0000, 0x0e4c0000, 0x154c0000)
  object space 16384K, 12% used [0x0d4c0000,0x0d6af8a8,0x0e4c0000)
Event: 1.399 GC heap after
Heap after GC invocations=3 (full 0):
 PSYoungGen      total 284416K, used 21759K [0x7e740000, 0xa12c0000, 0xb30c0000)
  eden space 262656K, 0% used [0x7e740000,0x7e740000,0x8e7c0000)
  from space 21760K, 99% used [0x8e7c0000,0x8fcffd30,0x8fd00000)
  to   space 21760K, 0% used [0x9fd80000,0x9fd80000,0xa12c0000)
 ParOldGen       total 396032K, used 395942K [0x154c0000, 0x2d780000, 0x7e740000)
  object space 396032K, 99% used [0x154c0000,0x2d769ac0,0x2d780000)
 PSPermGen       total 16384K, used 1982K [0x0d4c0000, 0x0e4c0000, 0x154c0000)
  object space 16384K, 12% used [0x0d4c0000,0x0d6af8a8,0x0e4c0000)
}
Event: 1.399 GC heap before
{Heap before GC invocations=4 (full 1):
 PSYoungGen      total 284416K, used 21759K [0x7e740000, 0xa12c0000, 0xb30c0000)
  eden space 262656K, 0% used [0x7e740000,0x7e740000,0x8e7c0000)
  from space 21760K, 99% used [0x8e7c0000,0x8fcffd30,0x8fd00000)
  to   space 21760K, 0% used [0x9fd80000,0x9fd80000,0xa12c0000)
 ParOldGen       total 396032K, used 395942K [0x154c0000, 0x2d780000, 0x7e740000)
  object space 396032K, 99% used [0x154c0000,0x2d769ac0,0x2d780000)
 PSPermGen       total 16384K, used 1982K [0x0d4c0000, 0x0e4c0000, 0x154c0000)
  object space 16384K, 12% used [0x0d4c0000,0x0d6af8a8,0x0e4c0000)
Event: 1.582 GC heap after
Heap after GC invocations=4 (full 1):
 PSYoungGen      total 284416K, used 21758K [0x7e740000, 0xa12c0000, 0xb30c0000)
  eden space 262656K, 0% used [0x7e740000,0x7e740000,0x8e7c0000)
  from space 21760K, 99% used [0x8e7c0000,0x8fcff920,0x8fd00000)
  to   space 21760K, 0% used [0x9fd80000,0x9fd80000,0xa12c0000)
 ParOldGen       total 773376K, used 395906K [0x154c0000, 0x44800000, 0x7e740000)
  object space 773376K, 51% used [0x154c0000,0x2d7608d8,0x44800000)
 PSPermGen       total 16384K, used 1981K [0x0d4c0000, 0x0e4c0000, 0x154c0000)
  object space 16384K, 12% used [0x0d4c0000,0x0d6af560,0x0e4c0000)
}
Event: 1.727 GC heap before
{Heap before GC invocations=5 (full 1):
 PSYoungGen      total 284416K, used 284414K [0x7e740000, 0xa12c0000, 0xb30c0000)
  eden space 262656K, 100% used [0x7e740000,0x8e7c0000,0x8e7c0000)
  from space 21760K, 99% used [0x8e7c0000,0x8fcff920,0x8fd00000)
  to   space 21760K, 0% used [0x9fd80000,0x9fd80000,0xa12c0000)
 ParOldGen       total 773376K, used 395906K [0x154c0000, 0x44800000, 0x7e740000)
  object space 773376K, 51% used [0x154c0000,0x2d7608d8,0x44800000)
 PSPermGen       total 16384K, used 1981K [0x0d4c0000, 0x0e4c0000, 0x154c0000)
  object space 16384K, 12% used [0x0d4c0000,0x0d6af5f0,0x0e4c0000)
Event: 1.872 GC heap after
Heap after GC invocations=5 (full 1):
 PSYoungGen      total 490496K, used 21752K [0x7e740000, 0xa12c0000, 0xb30c0000)
  eden space 468736K, 0% used [0x7e740000,0x7e740000,0x9b100000)
  from space 21760K, 99% used [0x9fd80000,0xa12be020,0xa12c0000)
  to   space 21760K, 0% used [0x9e840000,0x9e840000,0x9fd80000)
 ParOldGen       total 773376K, used 606242K [0x154c0000, 0x44800000, 0x7e740000)
  object space 773376K, 78% used [0x154c0000,0x3a4c88d8,0x44800000)
 PSPermGen       total 16384K, used 1981K [0x0d4c0000, 0x0e4c0000, 0x154c0000)
  object space 16384K, 12% used [0x0d4c0000,0x0d6af5f0,0x0e4c0000)
}
Event: 1.872 GC heap before
{Heap before GC invocations=6 (full 2):
 PSYoungGen      total 490496K, used 21752K [0x7e740000, 0xa12c0000, 0xb30c0000)
  eden space 468736K, 0% used [0x7e740000,0x7e740000,0x9b100000)
  from space 21760K, 99% used [0x9fd80000,0xa12be020,0xa12c0000)
  to   space 21760K, 0% used [0x9e840000,0x9e840000,0x9fd80000)
 ParOldGen       total 773376K, used 606242K [0x154c0000, 0x44800000, 0x7e740000)
  object space 773376K, 78% used [0x154c0000,0x3a4c88d8,0x44800000)
 PSPermGen       total 16384K, used 1981K [0x0d4c0000, 0x0e4c0000, 0x154c0000)
  object space 16384K, 12% used [0x0d4c0000,0x0d6af5f0,0x0e4c0000)
Event: 1.967 GC heap after
Heap after GC invocations=6 (full 2):
 PSYoungGen      total 490496K, used 0K [0x7e740000, 0xa12c0000, 0xb30c0000)
  eden space 468736K, 0% used [0x7e740000,0x7e740000,0x9b100000)
  from space 21760K, 0% used [0x9fd80000,0x9fd80000,0xa12c0000)
  to   space 21760K, 0% used [0x9e840000,0x9e840000,0x9fd80000)
 ParOldGen       total 1095168K, used 627984K [0x154c0000, 0x58240000, 0x7e740000)
  object space 1095168K, 57% used [0x154c0000,0x3ba040a8,0x58240000)
 PSPermGen       total 16384K, used 1981K [0x0d4c0000, 0x0e4c0000, 0x154c0000)
  object space 16384K, 12% used [0x0d4c0000,0x0d6af5f0,0x0e4c0000)
}
Event: 2.653 GC heap before
{Heap before GC invocations=7 (full 2):
 PSYoungGen      total 490496K, used 468736K [0x7e740000, 0xa12c0000, 0xb30c0000)
  eden space 468736K, 100% used [0x7e740000,0x9b100000,0x9b100000)
  from space 21760K, 0% used [0x9fd80000,0x9fd80000,0xa12c0000)
  to   space 21760K, 0% used [0x9e840000,0x9e840000,0x9fd80000)
 ParOldGen       total 1095168K, used 627984K [0x154c0000, 0x58240000, 0x7e740000)
  object space 1095168K, 57% used [0x154c0000,0x3ba040a8,0x58240000)
 PSPermGen       total 16384K, used 1981K [0x0d4c0000, 0x0e4c0000, 0x154c0000)
  object space 16384K, 12% used [0x0d4c0000,0x0d6af7b0,0x0e4c0000)

Deoptimization events (5 events):
Event: 0.350 Thread 0xb6207800 Uncommon trap: reason=predicate action=maybe_recompile pc=0xb320d5fc method=java.util.AbstractCollection.toArray([Ljava/lang/Object;)[Ljava/lang/Object; @ 49
Event: 0.376 Thread 0xb6207800 Uncommon trap: reason=array_check action=maybe_recompile pc=0xb320afbc method=java.util.AbstractCollection.toArray([Ljava/lang/Object;)[Ljava/lang/Object; @ 119
Event: 0.376 Thread 0xb6207800 Uncommon trap: reason=array_check action=maybe_recompile pc=0xb320afbc method=java.util.AbstractCollection.toArray([Ljava/lang/Object;)[Ljava/lang/Object; @ 119
Event: 0.376 Thread 0xb6207800 Uncommon trap: reason=array_check action=maybe_recompile pc=0xb320afbc method=java.util.AbstractCollection.toArray([Ljava/lang/Object;)[Ljava/lang/Object; @ 119
Event: 0.376 Thread 0xb6207800 Uncommon trap: reason=array_check action=maybe_recompile pc=0xb320afbc method=java.util.AbstractCollection.toArray([Ljava/lang/Object;)[Ljava/lang/Object; @ 119

Internal exceptions (5 events):
Event: 0.057 Thread 0xb6207800 Threw 0x7e74e6d0 at /build/openjdk-7-3Ac3LZ/openjdk-7-7u91-2.6.3/build/openjdk/hotspot/src/share/vm/prims/jni.cpp:4027
Event: 0.124 Thread 0xb6207800 Threw 0x7e7850d0 at /build/openjdk-7-3Ac3LZ/openjdk-7-7u91-2.6.3/build/openjdk/hotspot/src/share/vm/prims/jni.cpp:721
Event: 0.124 Thread 0xb6207800 Threw 0x7e785248 at /build/openjdk-7-3Ac3LZ/openjdk-7-7u91-2.6.3/build/openjdk/hotspot/src/share/vm/prims/jvm.cpp:1322
Event: 0.124 Thread 0xb6207800 Threw 0x7e785360 at /build/openjdk-7-3Ac3LZ/openjdk-7-7u91-2.6.3/build/openjdk/hotspot/src/share/vm/prims/jvm.cpp:1322
Event: 0.125 Thread 0xb6207800 Threw 0x7e7862d0 at /build/openjdk-7-3Ac3LZ/openjdk-7-7u91-2.6.3/build/openjdk/hotspot/src/share/vm/prims/jvm.cpp:1322

Events (10 events):
Event: 0.376 Thread 0xb6207800 DEOPT UNPACKING pc=0xb31e3bc8 sp=0xb6390f14 mode 2
Event: 0.670 Executing VM operation: ParallelGCFailedAllocation
Event: 0.761 Executing VM operation: ParallelGCFailedAllocation done
Event: 0.818 Executing VM operation: ParallelGCFailedAllocation
Event: 1.092 Executing VM operation: ParallelGCFailedAllocation done
Event: 1.272 Executing VM operation: ParallelGCFailedAllocation
Event: 1.582 Executing VM operation: ParallelGCFailedAllocation done
Event: 1.727 Executing VM operation: ParallelGCFailedAllocation
Event: 1.967 Executing VM operation: ParallelGCFailedAllocation done
Event: 2.653 Executing VM operation: ParallelGCFailedAllocation


Dynamic libraries:
02d68000-08048000 rw-p 00000000 00:00 0 
08048000-08049000 r-xp 00000000 08:05 3018512    /usr/lib/jvm/java-7-openjdk-i386/jre/bin/java
08049000-0804a000 r--p 00000000 08:05 3018512    /usr/lib/jvm/java-7-openjdk-i386/jre/bin/java
0804a000-0804b000 rw-p 00001000 08:05 3018512    /usr/lib/jvm/java-7-openjdk-i386/jre/bin/java
0896b000-0898c000 rw-p 00000000 00:00 0          [heap]
0ad00000-0ad7e000 rw-p 00000000 00:00 0 
0ad7e000-0ae00000 ---p 00000000 00:00 0 
0af00000-0af2e000 rw-p 00000000 00:00 0 
0af2e000-0b000000 ---p 00000000 00:00 0 
0b02c000-0b02d000 ---p 00000000 00:00 0 
0b02d000-0b0ad000 rw-p 00000000 00:00 0          [stack:5318]
0b0ad000-0b0b0000 ---p 00000000 00:00 0 
0b0b0000-0b0fe000 rw-p 00000000 00:00 0          [stack:5317]
0b0fe000-0b101000 ---p 00000000 00:00 0 
0b101000-0b17f000 rw-p 00000000 00:00 0          [stack:5316]
0b17f000-0b182000 ---p 00000000 00:00 0 
0b182000-0b200000 rw-p 00000000 00:00 0          [stack:5315]
0b200000-0b400000 r--p 00000000 08:05 3023385    /usr/lib/locale/locale-archive
0b400000-0b421000 rw-p 00000000 00:00 0 
0b421000-0b500000 ---p 00000000 00:00 0 
0b500000-0b600000 rw-p 00000000 00:00 0 
0b60d000-0b610000 ---p 00000000 00:00 0 
0b610000-0b65e000 rw-p 00000000 00:00 0          [stack:5314]
0b65e000-0b661000 ---p 00000000 00:00 0 
0b661000-0b6af000 rw-p 00000000 00:00 0          [stack:5313]
0b6af000-0b6b2000 ---p 00000000 00:00 0 
0b6b2000-0b700000 rw-p 00000000 00:00 0          [stack:5312]
0b700000-0b7f6000 rw-p 00000000 00:00 0 
0b7f6000-0b800000 ---p 00000000 00:00 0 
0b828000-0b829000 ---p 00000000 00:00 0 
0b829000-0b8f2000 rw-p 00000000 00:00 0          [stack:5311]
0b8f2000-0baa4000 r--s 01d2e000 08:05 3018617    /usr/lib/jvm/java-7-openjdk-i386/jre/lib/rt.jar
0baa4000-0c500000 rw-p 00000000 00:00 0 
0c500000-0c5fa000 rw-p 00000000 00:00 0 
0c5fa000-0c600000 ---p 00000000 00:00 0 
0c624000-0c67f000 rw-p 00000000 00:00 0 
0c67f000-0c680000 ---p 00000000 00:00 0 
0c680000-0c700000 rw-p 00000000 00:00 0          [stack:5310]
0c700000-0c721000 rw-p 00000000 00:00 0 
0c721000-0c800000 ---p 00000000 00:00 0 
0c800000-0c821000 rw-p 00000000 00:00 0 
0c821000-0c900000 ---p 00000000 00:00 0 
0c940000-0c97f000 rw-p 00000000 00:00 0 
0c97f000-0c980000 ---p 00000000 00:00 0 
0c980000-0ca00000 rw-p 00000000 00:00 0          [stack:5309]
0ca00000-0ca21000 rw-p 00000000 00:00 0 
0ca21000-0cb00000 ---p 00000000 00:00 0 
0cb05000-0cb06000 ---p 00000000 00:00 0 
0cb06000-0cb86000 rw-p 00000000 00:00 0          [stack:5308]
0cb86000-0cb87000 ---p 00000000 00:00 0 
0cb87000-0cc0f000 rw-p 00000000 00:00 0          [stack:5307]
0cc0f000-0cc47000 rw-p 00000000 00:00 0 
0cc47000-0ce5e000 rw-p 00000000 00:00 0 
0ce5e000-0cf91000 rw-p 00000000 00:00 0 
0cf91000-0cf99000 rw-p 00000000 00:00 0 
0cf99000-0cfd1000 rw-p 00000000 00:00 0 
0cfd1000-0d1e8000 rw-p 00000000 00:00 0 
0d1e8000-0d31a000 rw-p 00000000 00:00 0 
0d31a000-0d430000 rw-p 00000000 00:00 0 
0d430000-0d4bf000 rw-p 00000000 00:00 0 
0d4bf000-0e4c0000 rw-p 00000000 00:00 0 
0e4c0000-154c0000 rw-p 00000000 00:00 0 
154c0000-58240000 rw-p 00000000 00:00 0 
58240000-7e740000 rw-p 00000000 00:00 0 
7e740000-a12c0000 rw-p 00000000 00:00 0 
b30f3000-b30f7000 r--s 0003c000 08:05 3145780    /usr/lib/jvm/java-7-openjdk-i386/jre/lib/ext/sunpkcs11.jar
b30f7000-b3100000 rw-p 00000000 00:00 0 
b3100000-b31b7000 rw-p 00000000 00:00 0 
b31b7000-b33f7000 rwxp 00000000 00:00 0 
b33f7000-b61b7000 rw-p 00000000 00:00 0 
b61b7000-b61c3000 r-xp 00000000 08:05 9700540    /lib/i386-linux-gnu/libnss_files-2.21.so
b61c3000-b61c4000 r--p 0000b000 08:05 9700540    /lib/i386-linux-gnu/libnss_files-2.21.so
b61c4000-b61c5000 rw-p 0000c000 08:05 9700540    /lib/i386-linux-gnu/libnss_files-2.21.so
b61c5000-b61dc000 r-xp 00000000 08:05 9700534    /lib/i386-linux-gnu/libnsl-2.21.so
b61dc000-b61dd000 r--p 00016000 08:05 9700534    /lib/i386-linux-gnu/libnsl-2.21.so
b61dd000-b61de000 rw-p 00017000 08:05 9700534    /lib/i386-linux-gnu/libnsl-2.21.so
b61de000-b61e0000 rw-p 00000000 00:00 0 
b61e3000-b61e5000 r--s 00007000 08:05 3540294    /usr/share/java/java-atk-wrapper.jar
b61e5000-b61e6000 r--s 00002000 08:05 3145785    /usr/lib/jvm/java-7-openjdk-i386/jre/lib/ext/dnsns.jar
b61e6000-b61ea000 r--s 00085000 08:05 3145777    /usr/lib/jvm/java-7-openjdk-i386/jre/lib/ext/localedata.jar
b61ea000-b61ee000 r--s 00034000 08:05 3145779    /usr/lib/jvm/java-7-openjdk-i386/jre/lib/ext/sunjce_provider.jar
b61ee000-b61f6000 r-xp 00000000 08:05 3019012    /usr/lib/jvm/java-7-openjdk-i386/jre/lib/i386/libzip.so
b61f6000-b61f7000 r--p 00007000 08:05 3019012    /usr/lib/jvm/java-7-openjdk-i386/jre/lib/i386/libzip.so
b61f7000-b61f8000 rw-p 00008000 08:05 3019012    /usr/lib/jvm/java-7-openjdk-i386/jre/lib/i386/libzip.so
b61f8000-b6200000 rw-s 00000000 08:05 655636     /tmp/hsperfdata_kamel/5299
b6200000-b62ff000 rw-p 00000000 00:00 0 
b62ff000-b6300000 ---p 00000000 00:00 0 
b6300000-b6303000 r--s 0000f000 08:05 3145778    /usr/lib/jvm/java-7-openjdk-i386/jre/lib/ext/icedtea-sound.jar
b6303000-b630e000 r-xp 00000000 08:05 9700550    /lib/i386-linux-gnu/libnss_nis-2.21.so
b630e000-b630f000 r--p 0000a000 08:05 9700550    /lib/i386-linux-gnu/libnss_nis-2.21.so
b630f000-b6310000 rw-p 0000b000 08:05 9700550    /lib/i386-linux-gnu/libnss_nis-2.21.so
b6310000-b6336000 r-xp 00000000 08:05 3019415    /usr/lib/jvm/java-7-openjdk-i386/jre/lib/i386/libjava.so
b6336000-b6337000 r--p 00025000 08:05 3019415    /usr/lib/jvm/java-7-openjdk-i386/jre/lib/i386/libjava.so
b6337000-b6338000 rw-p 00026000 08:05 3019415    /usr/lib/jvm/java-7-openjdk-i386/jre/lib/i386/libjava.so
b6338000-b633f000 r-xp 00000000 08:05 9700595    /lib/i386-linux-gnu/librt-2.21.so
b633f000-b6340000 r--p 00006000 08:05 9700595    /lib/i386-linux-gnu/librt-2.21.so
b6340000-b6341000 rw-p 00007000 08:05 9700595    /lib/i386-linux-gnu/librt-2.21.so
b6341000-b6344000 ---p 00000000 00:00 0 
b6344000-b6392000 rw-p 00000000 00:00 0          [stack:5306]
b6392000-b63ae000 r-xp 00000000 08:05 9703891    /lib/i386-linux-gnu/libgcc_s.so.1
b63ae000-b63af000 r--p 0001b000 08:05 9703891    /lib/i386-linux-gnu/libgcc_s.so.1
b63af000-b63b0000 rw-p 0001c000 08:05 9703891    /lib/i386-linux-gnu/libgcc_s.so.1
b63b0000-b63fb000 r-xp 00000000 08:05 9700513    /lib/i386-linux-gnu/libm-2.21.so
b63fb000-b63fc000 r--p 0004a000 08:05 9700513    /lib/i386-linux-gnu/libm-2.21.so
b63fc000-b63fd000 rw-p 0004b000 08:05 9700513    /lib/i386-linux-gnu/libm-2.21.so
b63fd000-b656a000 r-xp 00000000 08:05 3021447    /usr/lib/i386-linux-gnu/libstdc++.so.6.0.21
b656a000-b656b000 ---p 0016d000 08:05 3021447    /usr/lib/i386-linux-gnu/libstdc++.so.6.0.21
b656b000-b6570000 r--p 0016d000 08:05 3021447    /usr/lib/i386-linux-gnu/libstdc++.so.6.0.21
b6570000-b6571000 rw-p 00172000 08:05 3021447    /usr/lib/i386-linux-gnu/libstdc++.so.6.0.21
b6571000-b6574000 rw-p 00000000 00:00 0 
b6574000-b70da000 r-xp 00000000 08:05 3019481    /usr/lib/jvm/java-7-openjdk-i386/jre/lib/i386/server/libjvm.so
b70da000-b7125000 r--p 00b65000 08:05 3019481    /usr/lib/jvm/java-7-openjdk-i386/jre/lib/i386/server/libjvm.so
b7125000-b7139000 rw-p 00bb0000 08:05 3019481    /usr/lib/jvm/java-7-openjdk-i386/jre/lib/i386/server/libjvm.so
b7139000-b7556000 rw-p 00000000 00:00 0 
b7556000-b756f000 r-xp 00000000 08:05 9699423    /lib/i386-linux-gnu/libz.so.1.2.8
b756f000-b7570000 r--p 00018000 08:05 9699423    /lib/i386-linux-gnu/libz.so.1.2.8
b7570000-b7571000 rw-p 00019000 08:05 9699423    /lib/i386-linux-gnu/libz.so.1.2.8
b7571000-b7572000 rw-p 00000000 00:00 0 
b7572000-b758b000 r-xp 00000000 08:05 9700587    /lib/i386-linux-gnu/libpthread-2.21.so
b758b000-b758c000 r--p 00018000 08:05 9700587    /lib/i386-linux-gnu/libpthread-2.21.so
b758c000-b758d000 rw-p 00019000 08:05 9700587    /lib/i386-linux-gnu/libpthread-2.21.so
b758d000-b758f000 rw-p 00000000 00:00 0 
b758f000-b7592000 r-xp 00000000 08:05 9700471    /lib/i386-linux-gnu/libdl-2.21.so
b7592000-b7593000 r--p 00002000 08:05 9700471    /lib/i386-linux-gnu/libdl-2.21.so
b7593000-b7594000 rw-p 00003000 08:05 9700471    /lib/i386-linux-gnu/libdl-2.21.so
b7594000-b7748000 r-xp 00000000 08:05 9700454    /lib/i386-linux-gnu/libc-2.21.so
b7748000-b774b000 r--p 001b3000 08:05 9700454    /lib/i386-linux-gnu/libc-2.21.so
b774b000-b774d000 rw-p 001b6000 08:05 9700454    /lib/i386-linux-gnu/libc-2.21.so
b774d000-b774f000 rw-p 00000000 00:00 0 
b774f000-b7751000 r--s 00012000 08:05 3145776    /usr/lib/jvm/java-7-openjdk-i386/jre/lib/ext/zipfs.jar
b7751000-b7752000 r--p 005e0000 08:05 3023385    /usr/lib/locale/locale-archive
b7752000-b7753000 r--p 00859000 08:05 3023385    /usr/lib/locale/locale-archive
b7753000-b775b000 r-xp 00000000 08:05 9700536    /lib/i386-linux-gnu/libnss_compat-2.21.so
b775b000-b775c000 r--p 00007000 08:05 9700536    /lib/i386-linux-gnu/libnss_compat-2.21.so
b775c000-b775d000 rw-p 00008000 08:05 9700536    /lib/i386-linux-gnu/libnss_compat-2.21.so
b775d000-b775e000 rw-p 00000000 00:00 0 
b775e000-b775f000 ---p 00000000 00:00 0 
b775f000-b776d000 r-xp 00000000 08:05 3019533    /usr/lib/jvm/java-7-openjdk-i386/jre/lib/i386/libverify.so
b776d000-b776e000 r--p 0000d000 08:05 3019533    /usr/lib/jvm/java-7-openjdk-i386/jre/lib/i386/libverify.so
b776e000-b776f000 rw-p 0000e000 08:05 3019533    /usr/lib/jvm/java-7-openjdk-i386/jre/lib/i386/libverify.so
b776f000-b777b000 r-xp 00000000 08:05 3019535    /usr/lib/jvm/java-7-openjdk-i386/jre/lib/i386/jli/libjli.so
b777b000-b777c000 r--p 0000b000 08:05 3019535    /usr/lib/jvm/java-7-openjdk-i386/jre/lib/i386/jli/libjli.so
b777c000-b777d000 rw-p 0000c000 08:05 3019535    /usr/lib/jvm/java-7-openjdk-i386/jre/lib/i386/jli/libjli.so
b777d000-b7780000 rw-p 00000000 00:00 0 
b7780000-b7782000 r--p 00000000 00:00 0          [vvar]
b7782000-b7783000 r-xp 00000000 00:00 0          [vdso]
b7783000-b77a5000 r-xp 00000000 08:05 9700426    /lib/i386-linux-gnu/ld-2.21.so
b77a5000-b77a6000 r--p 00021000 08:05 9700426    /lib/i386-linux-gnu/ld-2.21.so
b77a6000-b77a7000 rw-p 00022000 08:05 9700426    /lib/i386-linux-gnu/ld-2.21.so
bfc2d000-bfc2e000 rwxp 00000000 00:00 0 
bfc60000-bfc81000 rw-p 00000000 00:00 0          [stack]

VM Arguments:
jvm_args: -Xms512M -Xmx2524M -Dfile.encoding=UTF-8 
java_command: com.kaliheragmi.batarm.Preprocessing
Launcher Type: SUN_STANDARD

Environment Variables:
JAVA_HOME=/usr/lib/jvm/default-java
PATH=/usr/local/sbin:/usr/local/bin:/usr/sbin:/usr/bin:/sbin:/bin:/usr/games:/usr/local/games:/opt/android-sdk/tools:/opt/android-sdk/platform-tools:/opt/node/bin
LD_LIBRARY_PATH=/usr/lib/jvm/java-7-openjdk-i386/jre/lib/i386/server:/usr/lib/jvm/java-7-openjdk-i386/jre/lib/i386:/usr/lib/jvm/java-7-openjdk-i386/jre/../lib/i386:/usr/lib/jvm/java-8-oracle/jre/lib/i386/client:/usr/lib/jvm/java-8-oracle/jre/lib/i386:
SHELL=/bin/bash
DISPLAY=:0

Signal Handlers:
SIGSEGV: [libjvm.so+0x80e7a0], sa_mask[0]=0x7ffbfeff, sa_flags=0x10000004
SIGBUS: [libjvm.so+0x80e7a0], sa_mask[0]=0x7ffbfeff, sa_flags=0x10000004
SIGFPE: [libjvm.so+0x688640], sa_mask[0]=0x7ffbfeff, sa_flags=0x10000004
SIGPIPE: [libjvm.so+0x688640], sa_mask[0]=0x7ffbfeff, sa_flags=0x10000004
SIGXFSZ: [libjvm.so+0x688640], sa_mask[0]=0x7ffbfeff, sa_flags=0x10000004
SIGILL: [libjvm.so+0x688640], sa_mask[0]=0x7ffbfeff, sa_flags=0x10000004
SIGUSR1: SIG_DFL, sa_mask[0]=0x00000000, sa_flags=0x00000000
SIGUSR2: [libjvm.so+0x688490], sa_mask[0]=0x00000004, sa_flags=0x10000004
SIGHUP: [libjvm.so+0x688670], sa_mask[0]=0x7ffbfeff, sa_flags=0x10000004
SIGINT: [libjvm.so+0x688670], sa_mask[0]=0x7ffbfeff, sa_flags=0x10000004
SIGTERM: [libjvm.so+0x688670], sa_mask[0]=0x7ffbfeff, sa_flags=0x10000004
SIGQUIT: [libjvm.so+0x688670], sa_mask[0]=0x7ffbfeff, sa_flags=0x10000004
SIGTRAP: SIG_DFL, sa_mask[0]=0x00000000, sa_flags=0x00000000


---------------  S Y S T E M  ---------------

OS:Ubuntu 15.10 (wily)
uname:Linux 4.2.0-19-generic #23-Ubuntu SMP Wed Nov 11 11:38:40 UTC 2015 i686
libc:glibc 2.21 NPTL 2.21 
rlimit: STACK 8192k, CORE 0k, NPROC 30587, NOFILE 65536, AS infinity
load average:1.65 1.56 1.78

/proc/meminfo:
MemTotal:        3948356 kB
MemFree:          125312 kB
MemAvailable:     254904 kB
Buffers:           27964 kB
Cached:           461204 kB
SwapCached:            0 kB
Active:          3338280 kB
Inactive:         364704 kB
Active(anon):    3272676 kB
Inactive(anon):   306840 kB
Active(file):      65604 kB
Inactive(file):    57864 kB
Unevictable:          12 kB
Mlocked:              12 kB
HighTotal:       3097348 kB
HighFree:           6996 kB
LowTotal:         851008 kB
LowFree:          118316 kB
SwapTotal:             0 kB
SwapFree:              0 kB
Dirty:               700 kB
Writeback:             0 kB
AnonPages:       3214240 kB
Mapped:           203980 kB
Shmem:            365288 kB
Slab:              59752 kB
SReclaimable:      31036 kB
SUnreclaim:        28716 kB
KernelStack:        5624 kB
PageTables:        18700 kB
NFS_Unstable:          0 kB
Bounce:              172 kB
WritebackTmp:          0 kB
CommitLimit:     1974176 kB
Committed_AS:    8901192 kB
VmallocTotal:     122880 kB
VmallocUsed:       18800 kB
VmallocChunk:      40740 kB
AnonHugePages:    841728 kB
CmaTotal:              0 kB
CmaFree:               0 kB
HugePages_Total:       0
HugePages_Free:        0
HugePages_Rsvd:        0
HugePages_Surp:        0
Hugepagesize:       2048 kB
DirectMap4k:       63480 kB
DirectMap2M:      847872 kB


CPU:total 4 (2 cores per cpu, 2 threads per core) family 6 model 58 stepping 9, cmov, cx8, fxsr, mmx, sse, sse2, sse3, ssse3, sse4.1, sse4.2, popcnt, avx, aes, erms, ht, tsc, tscinvbit, tscinv

/proc/cpuinfo:
processor	: 0
vendor_id	: GenuineIntel
cpu family	: 6
model		: 58
model name	: Intel(R) Core(TM) i5-3230M CPU @ 2.60GHz
stepping	: 9
microcode	: 0x1b
cpu MHz		: 1392.320
cache size	: 3072 KB
physical id	: 0
siblings	: 4
core id		: 0
cpu cores	: 2
apicid		: 0
initial apicid	: 0
fdiv_bug	: no
f00f_bug	: no
coma_bug	: no
fpu		: yes
fpu_exception	: yes
cpuid level	: 13
wp		: yes
flags		: fpu vme de pse tsc msr pae mce cx8 apic sep mtrr pge mca cmov pat pse36 clflush dts acpi mmx fxsr sse sse2 ss ht tm pbe nx rdtscp lm constant_tsc arch_perfmon pebs bts xtopology nonstop_tsc aperfmperf eagerfpu pni pclmulqdq dtes64 monitor ds_cpl vmx est tm2 ssse3 cx16 xtpr pdcm pcid sse4_1 sse4_2 x2apic popcnt tsc_deadline_timer aes xsave avx f16c rdrand lahf_lm ida arat epb pln pts dtherm tpr_shadow vnmi flexpriority ept vpid fsgsbase smep erms xsaveopt
bugs		:
bogomips	: 5188.46
clflush size	: 64
cache_alignment	: 64
address sizes	: 36 bits physical, 48 bits virtual
power management:

processor	: 1
vendor_id	: GenuineIntel
cpu family	: 6
model		: 58
model name	: Intel(R) Core(TM) i5-3230M CPU @ 2.60GHz
stepping	: 9
microcode	: 0x1b
cpu MHz		: 1486.773
cache size	: 3072 KB
physical id	: 0
siblings	: 4
core id		: 0
cpu cores	: 2
apicid		: 1
initial apicid	: 1
fdiv_bug	: no
f00f_bug	: no
coma_bug	: no
fpu		: yes
fpu_exception	: yes
cpuid level	: 13
wp		: yes
flags		: fpu vme de pse tsc msr pae mce cx8 apic sep mtrr pge mca cmov pat pse36 clflush dts acpi mmx fxsr sse sse2 ss ht tm pbe nx rdtscp lm constant_tsc arch_perfmon pebs bts xtopology nonstop_tsc aperfmperf eagerfpu pni pclmulqdq dtes64 monitor ds_cpl vmx est tm2 ssse3 cx16 xtpr pdcm pcid sse4_1 sse4_2 x2apic popcnt tsc_deadline_timer aes xsave avx f16c rdrand lahf_lm ida arat epb pln pts dtherm tpr_shadow vnmi flexpriority ept vpid fsgsbase smep erms xsaveopt
bugs		:
bogomips	: 5188.46
clflush size	: 64
cache_alignment	: 64
address sizes	: 36 bits physical, 48 bits virtual
power management:

processor	: 2
vendor_id	: GenuineIntel
cpu family	: 6
model		: 58
model name	: Intel(R) Core(TM) i5-3230M CPU @ 2.60GHz
stepping	: 9
microcode	: 0x1b
cpu MHz		: 1305.382
cache size	: 3072 KB
physical id	: 0
siblings	: 4
core id		: 1
cpu cores	: 2
apicid		: 2
initial apicid	: 2
fdiv_bug	: no
f00f_bug	: no
coma_bug	: no
fpu		: yes
fpu_exception	: yes
cpuid level	: 13
wp		: yes
flags		: fpu vme de pse tsc msr pae mce cx8 apic sep mtrr pge mca cmov pat pse36 clflush dts acpi mmx fxsr sse sse2 ss ht tm pbe nx rdtscp lm constant_tsc arch_perfmon pebs bts xtopology nonstop_tsc aperfmperf eagerfpu pni pclmulqdq dtes64 monitor ds_cpl vmx est tm2 ssse3 cx16 xtpr pdcm pcid sse4_1 sse4_2 x2apic popcnt tsc_deadline_timer aes xsave avx f16c rdrand lahf_lm ida arat epb pln pts dtherm tpr_shadow vnmi flexpriority ept vpid fsgsbase smep erms xsaveopt
bugs		:
bogomips	: 5188.46
clflush size	: 64
cache_alignment	: 64
address sizes	: 36 bits physical, 48 bits virtual
power management:

processor	: 3
vendor_id	: GenuineIntel
cpu family	: 6
model		: 58
model name	: Intel(R) Core(TM) i5-3230M CPU @ 2.60GHz
stepping	: 9
microcode	: 0x1b
cpu MHz		: 1292.078
cache size	: 3072 KB
physical id	: 0
siblings	: 4
core id		: 1
cpu cores	: 2
apicid		: 3
initial apicid	: 3
fdiv_bug	: no
f00f_bug	: no
coma_bug	: no
fpu		: yes
fpu_exception	: yes
cpuid level	: 13
wp		: yes
flags		: fpu vme de pse tsc msr pae mce cx8 apic sep mtrr pge mca cmov pat pse36 clflush dts acpi mmx fxsr sse sse2 ss ht tm pbe nx rdtscp lm constant_tsc arch_perfmon pebs bts xtopology nonstop_tsc aperfmperf eagerfpu pni pclmulqdq dtes64 monitor ds_cpl vmx est tm2 ssse3 cx16 xtpr pdcm pcid sse4_1 sse4_2 x2apic popcnt tsc_deadline_timer aes xsave avx f16c rdrand lahf_lm ida arat epb pln pts dtherm tpr_shadow vnmi flexpriority ept vpid fsgsbase smep erms xsaveopt
bugs		:
bogomips	: 5188.46
clflush size	: 64
cache_alignment	: 64
address sizes	: 36 bits physical, 48 bits virtual
power management:



Memory: 4k page, physical 3948356k(125312k free), swap 0k(0k free)

vm_info: OpenJDK Server VM (24.91-b01) for linux-x86 JRE (1.7.0_91-b02), built on Nov 19 2015 06:12:05 by "buildd" with gcc 5.2.1 20151010

time: Tue Dec  8 22:16:35 2015
elapsed time: 7 seconds

