#
# There is insufficient memory for the Java Runtime Environment to continue.
# Native memory allocation (malloc) failed to allocate 299892736 bytes for committing reserved memory.
# Possible reasons:
#   The system is out of physical RAM or swap space
#   In 32 bit mode, the process size limit was hit
# Possible solutions:
#   Reduce memory load on the system
#   Increase physical memory or swap space
#   Check if swap backing store is full
#   Use 64 bit Java on a 64 bit OS
#   Decrease Java heap size (-Xmx/-Xms)
#   Decrease number of Java threads
#   Decrease Java thread stack sizes (-Xss)
#   Set larger code cache with -XX:ReservedCodeCacheSize=
# This output file may be truncated or incomplete.
#
#  Out of Memory Error (os_linux.cpp:2827), pid=5354, tid=192879424
#
# JRE version: OpenJDK Runtime Environment (7.0_91-b02) (build 1.7.0_91-b02)
# Java VM: OpenJDK Server VM (24.91-b01 mixed mode linux-x86 )
# Derivative: IcedTea 2.6.3
# Distribution: Ubuntu 15.10, package 7u91-2.6.3-0ubuntu0.15.10.1
# Failed to write core dump. Core dumps have been disabled. To enable core dumping, try "ulimit -c unlimited" before starting Java again
#

---------------  T H R E A D  ---------------

Current thread (0x0b681400):  VMThread [stack: 0x0b771000,0x0b7f2000] [id=5364]

Stack: [0x0b771000,0x0b7f2000]
VM_Operation (0xb633ced4): ParallelGCFailedAllocation, mode: safepoint, requested by thread 0xb6107800


---------------  P R O C E S S  ---------------

Java Threads: ( => current thread )
  0x0b69e400 JavaThread "Service Thread" daemon [_thread_blocked, id=5370, stack(0x0b05c000,0x0b0ad000)]
  0x0b69c400 JavaThread "C2 CompilerThread1" daemon [_thread_blocked, id=5369, stack(0x0b0ad000,0x0b12e000)]
  0x0b69a400 JavaThread "C2 CompilerThread0" daemon [_thread_blocked, id=5368, stack(0x0b12e000,0x0b1af000)]
  0x0b698c00 JavaThread "Signal Dispatcher" daemon [_thread_blocked, id=5367, stack(0x0b1af000,0x0b200000)]
  0x0b685800 JavaThread "Finalizer" daemon [_thread_blocked, id=5366, stack(0x0b720000,0x0b771000)]
  0x0b684000 JavaThread "Reference Handler" daemon [_thread_blocked, id=5365, stack(0x0c52e000,0x0c57f000)]
  0xb6107800 JavaThread "main" [_thread_blocked, id=5359, stack(0xb62ed000,0xb633e000)]

Other Threads:
=>0x0b681400 VMThread [stack: 0x0b771000,0x0b7f2000] [id=5364]
  0x0b6a8400 WatcherThread [stack: 0x0afdb000,0x0b05c000] [id=5371]

VM state:at safepoint (normal execution)

VM Mutex/Monitor currently owned by a thread:  ([mutex/lock_event])
[0xb6104ff8] Threads_lock - owner thread: 0x0b681400
[0xb6105408] Heap_lock - owner thread: 0xb6107800

Heap
 PSYoungGen      total 502272K, used 21757K [0x7e6c0000, 0xa1240000, 0xb3040000)
  eden space 480512K, 0% used [0x7e6c0000,0x7e6c0000,0x9bc00000)
  from space 21760K, 99% used [0x9e7c0000,0x9fcff700,0x9fd00000)
  to   space 21760K, 0% used [0x9fd00000,0x9fd00000,0xa1240000)
 ParOldGen       total 1089280K, used 988219K [0x15440000, 0x57c00000, 0x7e6c0000)
  object space 1089280K, 90% used [0x15440000,0x5194ed80,0x57c00000)
 PSPermGen       total 16384K, used 1981K [0x0d440000, 0x0e440000, 0x15440000)
  object space 16384K, 12% used [0x0d440000,0x0d62f428,0x0e440000)

Card table byte_map: [0x0cf11000,0x0d440000] byte_map_base: 0x0cea6e00

Polling page: 0xb770a000

Code Cache  [0xb3100000, 0xb3340000, 0xb6100000)
 total_blobs=153 nmethods=39 adapters=68 free_code_cache=48791Kb largest_free_block=49941312

Compilation events (10 events):
Event: 1.109 Thread 0x0b69a400 nmethod 35 0xb3150448 code [0xb3150580, 0xb3150b10]
Event: 1.110 Thread 0x0b69c400 nmethod 34 0xb315dbc8 code [0xb315de00, 0xb315e884]
Event: 1.380 Thread 0x0b69a400   36             java.io.BufferedReader::ensureOpen (18 bytes)
Event: 1.380 Thread 0x0b69a400 nmethod 36 0xb315da08 code [0xb315db00, 0xb315db50]
Event: 1.381 Thread 0x0b69a400   37             java.util.ArrayList::subListRangeCheck (110 bytes)
Event: 1.381 Thread 0x0b69a400 nmethod 37 0xb315d7c8 code [0xb315d8c0, 0xb315d950]
Event: 2.356 Thread 0x0b69a400   38             java.nio.Buffer::position (43 bytes)
Event: 2.357 Thread 0x0b69a400 nmethod 38 0xb315d588 code [0xb315d680, 0xb315d730]
Event: 2.358 Thread 0x0b69a400   39             java.nio.ByteBuffer::arrayOffset (35 bytes)
Event: 2.359 Thread 0x0b69a400 nmethod 39 0xb315d388 code [0xb315d480, 0xb315d4f0]

GC Heap History (10 events):
Event: 1.348 GC heap after
Heap after GC invocations=2 (full 0):
 PSYoungGen      total 284416K, used 21759K [0x7e6c0000, 0x911c0000, 0xb3040000)
  eden space 262656K, 0% used [0x7e6c0000,0x7e6c0000,0x8e740000)
  from space 21760K, 99% used [0x8fc80000,0x911bfd30,0x911c0000)
  to   space 21760K, 0% used [0x8e740000,0x8e740000,0x8fc80000)
 ParOldGen       total 349696K, used 184235K [0x15440000, 0x2a9c0000, 0x7e6c0000)
  object space 349696K, 52% used [0x15440000,0x2082ae00,0x2a9c0000)
 PSPermGen       total 16384K, used 1980K [0x0d440000, 0x0e440000, 0x15440000)
  object space 16384K, 12% used [0x0d440000,0x0d62f2a8,0x0e440000)
}
Event: 1.455 GC heap before
{Heap before GC invocations=3 (full 0):
 PSYoungGen      total 284416K, used 284415K [0x7e6c0000, 0x911c0000, 0xb3040000)
  eden space 262656K, 100% used [0x7e6c0000,0x8e740000,0x8e740000)
  from space 21760K, 99% used [0x8fc80000,0x911bfd30,0x911c0000)
  to   space 21760K, 0% used [0x8e740000,0x8e740000,0x8fc80000)
 ParOldGen       total 349696K, used 184235K [0x15440000, 0x2a9c0000, 0x7e6c0000)
  object space 349696K, 52% used [0x15440000,0x2082ae00,0x2a9c0000)
 PSPermGen       total 16384K, used 1981K [0x0d440000, 0x0e440000, 0x15440000)
  object space 16384K, 12% used [0x0d440000,0x0d62f520,0x0e440000)
Event: 1.603 GC heap after
Heap after GC invocations=3 (full 0):
 PSYoungGen      total 284416K, used 21755K [0x7e6c0000, 0xa1240000, 0xb3040000)
  eden space 262656K, 0% used [0x7e6c0000,0x7e6c0000,0x8e740000)
  from space 21760K, 99% used [0x8e740000,0x8fc7ee00,0x8fc80000)
  to   space 21760K, 0% used [0x9fd00000,0x9fd00000,0xa1240000)
 ParOldGen       total 394752K, used 394079K [0x15440000, 0x2d5c0000, 0x7e6c0000)
  object space 394752K, 99% used [0x15440000,0x2d517c40,0x2d5c0000)
 PSPermGen       total 16384K, used 1981K [0x0d440000, 0x0e440000, 0x15440000)
  object space 16384K, 12% used [0x0d440000,0x0d62f520,0x0e440000)
}
Event: 1.603 GC heap before
{Heap before GC invocations=4 (full 1):
 PSYoungGen      total 284416K, used 21755K [0x7e6c0000, 0xa1240000, 0xb3040000)
  eden space 262656K, 0% used [0x7e6c0000,0x7e6c0000,0x8e740000)
  from space 21760K, 99% used [0x8e740000,0x8fc7ee00,0x8fc80000)
  to   space 21760K, 0% used [0x9fd00000,0x9fd00000,0xa1240000)
 ParOldGen       total 394752K, used 394079K [0x15440000, 0x2d5c0000, 0x7e6c0000)
  object space 394752K, 99% used [0x15440000,0x2d517c40,0x2d5c0000)
 PSPermGen       total 16384K, used 1981K [0x0d440000, 0x0e440000, 0x15440000)
  object space 16384K, 12% used [0x0d440000,0x0d62f520,0x0e440000)
Event: 1.745 GC heap after
Heap after GC invocations=4 (full 1):
 PSYoungGen      total 284416K, used 21242K [0x7e6c0000, 0xa1240000, 0xb3040000)
  eden space 262656K, 0% used [0x7e6c0000,0x7e6c0000,0x8e740000)
  from space 21760K, 97% used [0x8e740000,0x8fbfeb48,0x8fc80000)
  to   space 21760K, 0% used [0x9fd00000,0x9fd00000,0xa1240000)
 ParOldGen       total 768768K, used 394555K [0x15440000, 0x44300000, 0x7e6c0000)
  object space 768768K, 51% used [0x15440000,0x2d58ee78,0x44300000)
 PSPermGen       total 16384K, used 1980K [0x0d440000, 0x0e440000, 0x15440000)
  object space 16384K, 12% used [0x0d440000,0x0d62f1d8,0x0e440000)
}
Event: 1.831 GC heap before
{Heap before GC invocations=5 (full 1):
 PSYoungGen      total 284416K, used 283898K [0x7e6c0000, 0xa1240000, 0xb3040000)
  eden space 262656K, 100% used [0x7e6c0000,0x8e740000,0x8e740000)
  from space 21760K, 97% used [0x8e740000,0x8fbfeb48,0x8fc80000)
  to   space 21760K, 0% used [0x9fd00000,0x9fd00000,0xa1240000)
 ParOldGen       total 768768K, used 394555K [0x15440000, 0x44300000, 0x7e6c0000)
  object space 768768K, 51% used [0x15440000,0x2d58ee78,0x44300000)
 PSPermGen       total 16384K, used 1980K [0x0d440000, 0x0e440000, 0x15440000)
  object space 16384K, 12% used [0x0d440000,0x0d62f268,0x0e440000)
Event: 2.001 GC heap after
Heap after GC invocations=5 (full 1):
 PSYoungGen      total 502272K, used 21757K [0x7e6c0000, 0xa1240000, 0xb3040000)
  eden space 480512K, 0% used [0x7e6c0000,0x7e6c0000,0x9bc00000)
  from space 21760K, 99% used [0x9fd00000,0xa123f548,0xa1240000)
  to   space 21760K, 0% used [0x9e7c0000,0x9e7c0000,0x9fd00000)
 ParOldGen       total 768768K, used 603910K [0x15440000, 0x44300000, 0x7e6c0000)
  object space 768768K, 78% used [0x15440000,0x3a2018b8,0x44300000)
 PSPermGen       total 16384K, used 1980K [0x0d440000, 0x0e440000, 0x15440000)
  object space 16384K, 12% used [0x0d440000,0x0d62f268,0x0e440000)
}
Event: 2.001 GC heap before
{Heap before GC invocations=6 (full 2):
 PSYoungGen      total 502272K, used 21757K [0x7e6c0000, 0xa1240000, 0xb3040000)
  eden space 480512K, 0% used [0x7e6c0000,0x7e6c0000,0x9bc00000)
  from space 21760K, 99% used [0x9fd00000,0xa123f548,0xa1240000)
  to   space 21760K, 0% used [0x9e7c0000,0x9e7c0000,0x9fd00000)
 ParOldGen       total 768768K, used 603910K [0x15440000, 0x44300000, 0x7e6c0000)
  object space 768768K, 78% used [0x15440000,0x3a2018b8,0x44300000)
 PSPermGen       total 16384K, used 1980K [0x0d440000, 0x0e440000, 0x15440000)
  object space 16384K, 12% used [0x0d440000,0x0d62f268,0x0e440000)
Event: 2.117 GC heap after
Heap after GC invocations=6 (full 2):
 PSYoungGen      total 502272K, used 0K [0x7e6c0000, 0xa1240000, 0xb3040000)
  eden space 480512K, 0% used [0x7e6c0000,0x7e6c0000,0x9bc00000)
  from space 21760K, 0% used [0x9fd00000,0x9fd00000,0xa1240000)
  to   space 21760K, 0% used [0x9e7c0000,0x9e7c0000,0x9fd00000)
 ParOldGen       total 1089280K, used 625561K [0x15440000, 0x57c00000, 0x7e6c0000)
  object space 1089280K, 57% used [0x15440000,0x3b726400,0x57c00000)
 PSPermGen       total 16384K, used 1980K [0x0d440000, 0x0e440000, 0x15440000)
  object space 16384K, 12% used [0x0d440000,0x0d62f268,0x0e440000)
}
Event: 2.469 GC heap before
{Heap before GC invocations=7 (full 2):
 PSYoungGen      total 502272K, used 480512K [0x7e6c0000, 0xa1240000, 0xb3040000)
  eden space 480512K, 100% used [0x7e6c0000,0x9bc00000,0x9bc00000)
  from space 21760K, 0% used [0x9fd00000,0x9fd00000,0xa1240000)
  to   space 21760K, 0% used [0x9e7c0000,0x9e7c0000,0x9fd00000)
 ParOldGen       total 1089280K, used 625561K [0x15440000, 0x57c00000, 0x7e6c0000)
  object space 1089280K, 57% used [0x15440000,0x3b726400,0x57c00000)
 PSPermGen       total 16384K, used 1981K [0x0d440000, 0x0e440000, 0x15440000)
  object space 16384K, 12% used [0x0d440000,0x0d62f428,0x0e440000)

Deoptimization events (1 events):
Event: 1.055 Thread 0xb6107800 Uncommon trap: reason=predicate action=maybe_recompile pc=0xb3151a3c method=java.util.AbstractCollection.toArray([Ljava/lang/Object;)[Ljava/lang/Object; @ 49

Internal exceptions (5 events):
Event: 0.405 Thread 0xb6107800 Threw 0x7e6ce630 at /build/openjdk-7-3Ac3LZ/openjdk-7-7u91-2.6.3/build/openjdk/hotspot/src/share/vm/prims/jni.cpp:4027
Event: 0.795 Thread 0xb6107800 Threw 0x7e705030 at /build/openjdk-7-3Ac3LZ/openjdk-7-7u91-2.6.3/build/openjdk/hotspot/src/share/vm/prims/jni.cpp:721
Event: 0.795 Thread 0xb6107800 Threw 0x7e7051a8 at /build/openjdk-7-3Ac3LZ/openjdk-7-7u91-2.6.3/build/openjdk/hotspot/src/share/vm/prims/jvm.cpp:1322
Event: 0.795 Thread 0xb6107800 Threw 0x7e7052c0 at /build/openjdk-7-3Ac3LZ/openjdk-7-7u91-2.6.3/build/openjdk/hotspot/src/share/vm/prims/jvm.cpp:1322
Event: 0.803 Thread 0xb6107800 Threw 0x7e706230 at /build/openjdk-7-3Ac3LZ/openjdk-7-7u91-2.6.3/build/openjdk/hotspot/src/share/vm/prims/jvm.cpp:1322

Events (10 events):
Event: 1.055 Thread 0xb6107800 DEOPT UNPACKING pc=0xb312cbc8 sp=0xb633cf38 mode 2
Event: 1.143 Executing VM operation: ParallelGCFailedAllocation
Event: 1.218 Executing VM operation: ParallelGCFailedAllocation done
Event: 1.258 Executing VM operation: ParallelGCFailedAllocation
Event: 1.348 Executing VM operation: ParallelGCFailedAllocation done
Event: 1.455 Executing VM operation: ParallelGCFailedAllocation
Event: 1.745 Executing VM operation: ParallelGCFailedAllocation done
Event: 1.831 Executing VM operation: ParallelGCFailedAllocation
Event: 2.117 Executing VM operation: ParallelGCFailedAllocation done
Event: 2.469 Executing VM operation: ParallelGCFailedAllocation


Dynamic libraries:
02d68000-08048000 rw-p 00000000 00:00 0 
08048000-08049000 r-xp 00000000 08:05 3018512    /usr/lib/jvm/java-7-openjdk-i386/jre/bin/java
08049000-0804a000 r--p 00000000 08:05 3018512    /usr/lib/jvm/java-7-openjdk-i386/jre/bin/java
0804a000-0804b000 rw-p 00001000 08:05 3018512    /usr/lib/jvm/java-7-openjdk-i386/jre/bin/java
09618000-09639000 rw-p 00000000 00:00 0          [heap]
0ac00000-0ace8000 rw-p 00000000 00:00 0 
0ace8000-0ad00000 ---p 00000000 00:00 0 
0ad00000-0ada3000 rw-p 00000000 00:00 0 
0ada3000-0ae00000 ---p 00000000 00:00 0 
0ae00000-0ae29000 rw-p 00000000 00:00 0 
0ae29000-0af00000 ---p 00000000 00:00 0 
0afdb000-0afdc000 ---p 00000000 00:00 0 
0afdc000-0b05c000 rw-p 00000000 00:00 0          [stack:5371]
0b05c000-0b05f000 ---p 00000000 00:00 0 
0b05f000-0b0ad000 rw-p 00000000 00:00 0          [stack:5370]
0b0ad000-0b0b0000 ---p 00000000 00:00 0 
0b0b0000-0b12e000 rw-p 00000000 00:00 0          [stack:5369]
0b12e000-0b131000 ---p 00000000 00:00 0 
0b131000-0b1af000 rw-p 00000000 00:00 0          [stack:5368]
0b1af000-0b1b2000 ---p 00000000 00:00 0 
0b1b2000-0b200000 rw-p 00000000 00:00 0          [stack:5367]
0b200000-0b400000 r--p 00000000 08:05 3023385    /usr/lib/locale/locale-archive
0b400000-0b4fa000 rw-p 00000000 00:00 0 
0b4fa000-0b500000 ---p 00000000 00:00 0 
0b500000-0b521000 rw-p 00000000 00:00 0 
0b521000-0b600000 ---p 00000000 00:00 0 
0b600000-0b6fe000 rw-p 00000000 00:00 0 
0b6fe000-0b700000 ---p 00000000 00:00 0 
0b720000-0b723000 ---p 00000000 00:00 0 
0b723000-0b771000 rw-p 00000000 00:00 0          [stack:5366]
0b771000-0b772000 ---p 00000000 00:00 0 
0b772000-0b7f2000 rw-p 00000000 00:00 0          [stack:5364]
0b7f2000-0b9a4000 r--s 01d2e000 08:05 3018617    /usr/lib/jvm/java-7-openjdk-i386/jre/lib/rt.jar
0b9a4000-0c400000 rw-p 00000000 00:00 0 
0c400000-0c4f8000 rw-p 00000000 00:00 0 
0c4f8000-0c500000 ---p 00000000 00:00 0 
0c52e000-0c531000 ---p 00000000 00:00 0 
0c531000-0c57f000 rw-p 00000000 00:00 0          [stack:5365]
0c57f000-0c580000 ---p 00000000 00:00 0 
0c580000-0c600000 rw-p 00000000 00:00 0          [stack:5363]
0c600000-0c621000 rw-p 00000000 00:00 0 
0c621000-0c700000 ---p 00000000 00:00 0 
0c736000-0c77f000 rw-p 00000000 00:00 0 
0c77f000-0c780000 ---p 00000000 00:00 0 
0c780000-0c800000 rw-p 00000000 00:00 0          [stack:5362]
0c800000-0c821000 rw-p 00000000 00:00 0 
0c821000-0c900000 ---p 00000000 00:00 0 
0c924000-0c97f000 rw-p 00000000 00:00 0 
0c97f000-0c980000 ---p 00000000 00:00 0 
0c980000-0ca00000 rw-p 00000000 00:00 0          [stack:5361]
0ca00000-0ca21000 rw-p 00000000 00:00 0 
0ca21000-0cb00000 ---p 00000000 00:00 0 
0cb07000-0cb46000 rw-p 00000000 00:00 0 
0cb46000-0cb47000 ---p 00000000 00:00 0 
0cb47000-0cddb000 rw-p 00000000 00:00 0          [stack:5360]
0cddb000-0cf11000 rw-p 00000000 00:00 0 
0cf11000-0cf19000 rw-p 00000000 00:00 0 
0cf19000-0cf51000 rw-p 00000000 00:00 0 
0cf51000-0d165000 rw-p 00000000 00:00 0 
0d165000-0d29a000 rw-p 00000000 00:00 0 
0d29a000-0d3b0000 rw-p 00000000 00:00 0 
0d3b0000-0d43f000 rw-p 00000000 00:00 0 
0d43f000-0e440000 rw-p 00000000 00:00 0 
0e440000-15440000 rw-p 00000000 00:00 0 
15440000-57c00000 rw-p 00000000 00:00 0 
57c00000-7e6c0000 rw-p 00000000 00:00 0 
7e6c0000-a1240000 rw-p 00000000 00:00 0 
b3040000-b3049000 rw-p 00000000 00:00 0 
b3049000-b3100000 rw-p 00000000 00:00 0 
b3100000-b3340000 rwxp 00000000 00:00 0 
b3340000-b61ff000 rw-p 00000000 00:00 0 
b61ff000-b6200000 ---p 00000000 00:00 0 
b6222000-b6226000 r--s 0003c000 08:05 3145780    /usr/lib/jvm/java-7-openjdk-i386/jre/lib/ext/sunpkcs11.jar
b6226000-b622e000 rw-p 00000000 00:00 0 
b622e000-b6266000 rw-p 00000000 00:00 0 
b6266000-b6272000 r-xp 00000000 08:05 9700540    /lib/i386-linux-gnu/libnss_files-2.21.so
b6272000-b6273000 r--p 0000b000 08:05 9700540    /lib/i386-linux-gnu/libnss_files-2.21.so
b6273000-b6274000 rw-p 0000c000 08:05 9700540    /lib/i386-linux-gnu/libnss_files-2.21.so
b6274000-b627f000 r-xp 00000000 08:05 9700550    /lib/i386-linux-gnu/libnss_nis-2.21.so
b627f000-b6280000 r--p 0000a000 08:05 9700550    /lib/i386-linux-gnu/libnss_nis-2.21.so
b6280000-b6281000 rw-p 0000b000 08:05 9700550    /lib/i386-linux-gnu/libnss_nis-2.21.so
b6281000-b6298000 r-xp 00000000 08:05 9700534    /lib/i386-linux-gnu/libnsl-2.21.so
b6298000-b6299000 r--p 00016000 08:05 9700534    /lib/i386-linux-gnu/libnsl-2.21.so
b6299000-b629a000 rw-p 00017000 08:05 9700534    /lib/i386-linux-gnu/libnsl-2.21.so
b629a000-b629c000 rw-p 00000000 00:00 0 
b629c000-b629e000 r--s 00007000 08:05 3540294    /usr/share/java/java-atk-wrapper.jar
b629e000-b629f000 r--s 00002000 08:05 3145785    /usr/lib/jvm/java-7-openjdk-i386/jre/lib/ext/dnsns.jar
b629f000-b62a3000 r--s 00085000 08:05 3145777    /usr/lib/jvm/java-7-openjdk-i386/jre/lib/ext/localedata.jar
b62a3000-b62a6000 r--s 0000f000 08:05 3145778    /usr/lib/jvm/java-7-openjdk-i386/jre/lib/ext/icedtea-sound.jar
b62a6000-b62aa000 r--s 00034000 08:05 3145779    /usr/lib/jvm/java-7-openjdk-i386/jre/lib/ext/sunjce_provider.jar
b62aa000-b62b2000 r-xp 00000000 08:05 3019012    /usr/lib/jvm/java-7-openjdk-i386/jre/lib/i386/libzip.so
b62b2000-b62b3000 r--p 00007000 08:05 3019012    /usr/lib/jvm/java-7-openjdk-i386/jre/lib/i386/libzip.so
b62b3000-b62b4000 rw-p 00008000 08:05 3019012    /usr/lib/jvm/java-7-openjdk-i386/jre/lib/i386/libzip.so
b62b4000-b62bc000 rw-s 00000000 08:05 655636     /tmp/hsperfdata_kamel/5354
b62bc000-b62e2000 r-xp 00000000 08:05 3019415    /usr/lib/jvm/java-7-openjdk-i386/jre/lib/i386/libjava.so
b62e2000-b62e3000 r--p 00025000 08:05 3019415    /usr/lib/jvm/java-7-openjdk-i386/jre/lib/i386/libjava.so
b62e3000-b62e4000 rw-p 00026000 08:05 3019415    /usr/lib/jvm/java-7-openjdk-i386/jre/lib/i386/libjava.so
b62e4000-b62eb000 r-xp 00000000 08:05 9700595    /lib/i386-linux-gnu/librt-2.21.so
b62eb000-b62ec000 r--p 00006000 08:05 9700595    /lib/i386-linux-gnu/librt-2.21.so
b62ec000-b62ed000 rw-p 00007000 08:05 9700595    /lib/i386-linux-gnu/librt-2.21.so
b62ed000-b62f0000 ---p 00000000 00:00 0 
b62f0000-b633e000 rw-p 00000000 00:00 0          [stack:5359]
b633e000-b635a000 r-xp 00000000 08:05 9703891    /lib/i386-linux-gnu/libgcc_s.so.1
b635a000-b635b000 r--p 0001b000 08:05 9703891    /lib/i386-linux-gnu/libgcc_s.so.1
b635b000-b635c000 rw-p 0001c000 08:05 9703891    /lib/i386-linux-gnu/libgcc_s.so.1
b635c000-b63a7000 r-xp 00000000 08:05 9700513    /lib/i386-linux-gnu/libm-2.21.so
b63a7000-b63a8000 r--p 0004a000 08:05 9700513    /lib/i386-linux-gnu/libm-2.21.so
b63a8000-b63a9000 rw-p 0004b000 08:05 9700513    /lib/i386-linux-gnu/libm-2.21.so
b63a9000-b6516000 r-xp 00000000 08:05 3021447    /usr/lib/i386-linux-gnu/libstdc++.so.6.0.21
b6516000-b6517000 ---p 0016d000 08:05 3021447    /usr/lib/i386-linux-gnu/libstdc++.so.6.0.21
b6517000-b651c000 r--p 0016d000 08:05 3021447    /usr/lib/i386-linux-gnu/libstdc++.so.6.0.21
b651c000-b651d000 rw-p 00172000 08:05 3021447    /usr/lib/i386-linux-gnu/libstdc++.so.6.0.21
b651d000-b6520000 rw-p 00000000 00:00 0 
b6520000-b7086000 r-xp 00000000 08:05 3019481    /usr/lib/jvm/java-7-openjdk-i386/jre/lib/i386/server/libjvm.so
b7086000-b70d1000 r--p 00b65000 08:05 3019481    /usr/lib/jvm/java-7-openjdk-i386/jre/lib/i386/server/libjvm.so
b70d1000-b70e5000 rw-p 00bb0000 08:05 3019481    /usr/lib/jvm/java-7-openjdk-i386/jre/lib/i386/server/libjvm.so
b70e5000-b7502000 rw-p 00000000 00:00 0 
b7502000-b751b000 r-xp 00000000 08:05 9699423    /lib/i386-linux-gnu/libz.so.1.2.8
b751b000-b751c000 r--p 00018000 08:05 9699423    /lib/i386-linux-gnu/libz.so.1.2.8
b751c000-b751d000 rw-p 00019000 08:05 9699423    /lib/i386-linux-gnu/libz.so.1.2.8
b751d000-b751e000 rw-p 00000000 00:00 0 
b751e000-b7537000 r-xp 00000000 08:05 9700587    /lib/i386-linux-gnu/libpthread-2.21.so
b7537000-b7538000 r--p 00018000 08:05 9700587    /lib/i386-linux-gnu/libpthread-2.21.so
b7538000-b7539000 rw-p 00019000 08:05 9700587    /lib/i386-linux-gnu/libpthread-2.21.so
b7539000-b753b000 rw-p 00000000 00:00 0 
b753b000-b753e000 r-xp 00000000 08:05 9700471    /lib/i386-linux-gnu/libdl-2.21.so
b753e000-b753f000 r--p 00002000 08:05 9700471    /lib/i386-linux-gnu/libdl-2.21.so
b753f000-b7540000 rw-p 00003000 08:05 9700471    /lib/i386-linux-gnu/libdl-2.21.so
b7540000-b76f4000 r-xp 00000000 08:05 9700454    /lib/i386-linux-gnu/libc-2.21.so
b76f4000-b76f7000 r--p 001b3000 08:05 9700454    /lib/i386-linux-gnu/libc-2.21.so
b76f7000-b76f9000 rw-p 001b6000 08:05 9700454    /lib/i386-linux-gnu/libc-2.21.so
b76f9000-b76fb000 rw-p 00000000 00:00 0 
b76fb000-b76fd000 r--s 00012000 08:05 3145776    /usr/lib/jvm/java-7-openjdk-i386/jre/lib/ext/zipfs.jar
b76fd000-b76fe000 r--p 005e0000 08:05 3023385    /usr/lib/locale/locale-archive
b76fe000-b76ff000 r--p 00859000 08:05 3023385    /usr/lib/locale/locale-archive
b76ff000-b7707000 r-xp 00000000 08:05 9700536    /lib/i386-linux-gnu/libnss_compat-2.21.so
b7707000-b7708000 r--p 00007000 08:05 9700536    /lib/i386-linux-gnu/libnss_compat-2.21.so
b7708000-b7709000 rw-p 00008000 08:05 9700536    /lib/i386-linux-gnu/libnss_compat-2.21.so
b7709000-b770a000 rw-p 00000000 00:00 0 
b770a000-b770b000 ---p 00000000 00:00 0 
b770b000-b7719000 r-xp 00000000 08:05 3019533    /usr/lib/jvm/java-7-openjdk-i386/jre/lib/i386/libverify.so
b7719000-b771a000 r--p 0000d000 08:05 3019533    /usr/lib/jvm/java-7-openjdk-i386/jre/lib/i386/libverify.so
b771a000-b771b000 rw-p 0000e000 08:05 3019533    /usr/lib/jvm/java-7-openjdk-i386/jre/lib/i386/libverify.so
b771b000-b7727000 r-xp 00000000 08:05 3019535    /usr/lib/jvm/java-7-openjdk-i386/jre/lib/i386/jli/libjli.so
b7727000-b7728000 r--p 0000b000 08:05 3019535    /usr/lib/jvm/java-7-openjdk-i386/jre/lib/i386/jli/libjli.so
b7728000-b7729000 rw-p 0000c000 08:05 3019535    /usr/lib/jvm/java-7-openjdk-i386/jre/lib/i386/jli/libjli.so
b7729000-b772c000 rw-p 00000000 00:00 0 
b772c000-b772e000 r--p 00000000 00:00 0          [vvar]
b772e000-b772f000 r-xp 00000000 00:00 0          [vdso]
b772f000-b7751000 r-xp 00000000 08:05 9700426    /lib/i386-linux-gnu/ld-2.21.so
b7751000-b7752000 r--p 00021000 08:05 9700426    /lib/i386-linux-gnu/ld-2.21.so
b7752000-b7753000 rw-p 00022000 08:05 9700426    /lib/i386-linux-gnu/ld-2.21.so
bffac000-bffad000 rwxp 00000000 00:00 0 
bffdf000-c0000000 rw-p 00000000 00:00 0          [stack]

VM Arguments:
jvm_args: -Xms512M -Xmx2524M -Dfile.encoding=UTF-8 
java_command: com.kaliheragmi.batarm.Preprocessing
Launcher Type: SUN_STANDARD

Environment Variables:
JAVA_HOME=/usr/lib/jvm/default-java
PATH=/usr/local/sbin:/usr/local/bin:/usr/sbin:/usr/bin:/sbin:/bin:/usr/games:/usr/local/games:/opt/android-sdk/tools:/opt/android-sdk/platform-tools:/opt/node/bin
LD_LIBRARY_PATH=/usr/lib/jvm/java-7-openjdk-i386/jre/lib/i386/server:/usr/lib/jvm/java-7-openjdk-i386/jre/lib/i386:/usr/lib/jvm/java-7-openjdk-i386/jre/../lib/i386:/usr/lib/jvm/java-8-oracle/jre/lib/i386/client:/usr/lib/jvm/java-8-oracle/jre/lib/i386:
SHELL=/bin/bash
DISPLAY=:0

Signal Handlers:
SIGSEGV: [libjvm.so+0x80e7a0], sa_mask[0]=0x7ffbfeff, sa_flags=0x10000004
SIGBUS: [libjvm.so+0x80e7a0], sa_mask[0]=0x7ffbfeff, sa_flags=0x10000004
SIGFPE: [libjvm.so+0x688640], sa_mask[0]=0x7ffbfeff, sa_flags=0x10000004
SIGPIPE: [libjvm.so+0x688640], sa_mask[0]=0x7ffbfeff, sa_flags=0x10000004
SIGXFSZ: [libjvm.so+0x688640], sa_mask[0]=0x7ffbfeff, sa_flags=0x10000004
SIGILL: [libjvm.so+0x688640], sa_mask[0]=0x7ffbfeff, sa_flags=0x10000004
SIGUSR1: SIG_DFL, sa_mask[0]=0x00000000, sa_flags=0x00000000
SIGUSR2: [libjvm.so+0x688490], sa_mask[0]=0x00000004, sa_flags=0x10000004
SIGHUP: [libjvm.so+0x688670], sa_mask[0]=0x7ffbfeff, sa_flags=0x10000004
SIGINT: [libjvm.so+0x688670], sa_mask[0]=0x7ffbfeff, sa_flags=0x10000004
SIGTERM: [libjvm.so+0x688670], sa_mask[0]=0x7ffbfeff, sa_flags=0x10000004
SIGQUIT: [libjvm.so+0x688670], sa_mask[0]=0x7ffbfeff, sa_flags=0x10000004
SIGTRAP: SIG_DFL, sa_mask[0]=0x00000000, sa_flags=0x00000000


---------------  S Y S T E M  ---------------

OS:Ubuntu 15.10 (wily)
uname:Linux 4.2.0-19-generic #23-Ubuntu SMP Wed Nov 11 11:38:40 UTC 2015 i686
libc:glibc 2.21 NPTL 2.21 
rlimit: STACK 8192k, CORE 0k, NPROC 30587, NOFILE 65536, AS infinity
load average:2.72 1.84 1.87

/proc/meminfo:
MemTotal:        3948356 kB
MemFree:          127456 kB
MemAvailable:     292604 kB
Buffers:           13048 kB
Cached:           519048 kB
SwapCached:            0 kB
Active:          3324288 kB
Inactive:         381936 kB
Active(anon):    3234980 kB
Inactive(anon):   309056 kB
Active(file):      89308 kB
Inactive(file):    72880 kB
Unevictable:          12 kB
Mlocked:              12 kB
HighTotal:       3097348 kB
HighFree:          10692 kB
LowTotal:         851008 kB
LowFree:          116764 kB
SwapTotal:             0 kB
SwapFree:              0 kB
Dirty:               320 kB
Writeback:             0 kB
AnonPages:       3174264 kB
Mapped:           242948 kB
Shmem:            369384 kB
Slab:              56624 kB
SReclaimable:      27872 kB
SUnreclaim:        28752 kB
KernelStack:        5432 kB
PageTables:        18180 kB
NFS_Unstable:          0 kB
Bounce:                0 kB
WritebackTmp:          0 kB
CommitLimit:     1974176 kB
Committed_AS:    8629692 kB
VmallocTotal:     122880 kB
VmallocUsed:       18800 kB
VmallocChunk:      40740 kB
AnonHugePages:   1808384 kB
CmaTotal:              0 kB
CmaFree:               0 kB
HugePages_Total:       0
HugePages_Free:        0
HugePages_Rsvd:        0
HugePages_Surp:        0
Hugepagesize:       2048 kB
DirectMap4k:       63480 kB
DirectMap2M:      847872 kB


CPU:total 4 (2 cores per cpu, 2 threads per core) family 6 model 58 stepping 9, cmov, cx8, fxsr, mmx, sse, sse2, sse3, ssse3, sse4.1, sse4.2, popcnt, avx, aes, erms, ht, tsc, tscinvbit, tscinv

/proc/cpuinfo:
processor	: 0
vendor_id	: GenuineIntel
cpu family	: 6
model		: 58
model name	: Intel(R) Core(TM) i5-3230M CPU @ 2.60GHz
stepping	: 9
microcode	: 0x1b
cpu MHz		: 2993.960
cache size	: 3072 KB
physical id	: 0
siblings	: 4
core id		: 0
cpu cores	: 2
apicid		: 0
initial apicid	: 0
fdiv_bug	: no
f00f_bug	: no
coma_bug	: no
fpu		: yes
fpu_exception	: yes
cpuid level	: 13
wp		: yes
flags		: fpu vme de pse tsc msr pae mce cx8 apic sep mtrr pge mca cmov pat pse36 clflush dts acpi mmx fxsr sse sse2 ss ht tm pbe nx rdtscp lm constant_tsc arch_perfmon pebs bts xtopology nonstop_tsc aperfmperf eagerfpu pni pclmulqdq dtes64 monitor ds_cpl vmx est tm2 ssse3 cx16 xtpr pdcm pcid sse4_1 sse4_2 x2apic popcnt tsc_deadline_timer aes xsave avx f16c rdrand lahf_lm ida arat epb pln pts dtherm tpr_shadow vnmi flexpriority ept vpid fsgsbase smep erms xsaveopt
bugs		:
bogomips	: 5188.46
clflush size	: 64
cache_alignment	: 64
address sizes	: 36 bits physical, 48 bits virtual
power management:

processor	: 1
vendor_id	: GenuineIntel
cpu family	: 6
model		: 58
model name	: Intel(R) Core(TM) i5-3230M CPU @ 2.60GHz
stepping	: 9
microcode	: 0x1b
cpu MHz		: 2998.734
cache size	: 3072 KB
physical id	: 0
siblings	: 4
core id		: 0
cpu cores	: 2
apicid		: 1
initial apicid	: 1
fdiv_bug	: no
f00f_bug	: no
coma_bug	: no
fpu		: yes
fpu_exception	: yes
cpuid level	: 13
wp		: yes
flags		: fpu vme de pse tsc msr pae mce cx8 apic sep mtrr pge mca cmov pat pse36 clflush dts acpi mmx fxsr sse sse2 ss ht tm pbe nx rdtscp lm constant_tsc arch_perfmon pebs bts xtopology nonstop_tsc aperfmperf eagerfpu pni pclmulqdq dtes64 monitor ds_cpl vmx est tm2 ssse3 cx16 xtpr pdcm pcid sse4_1 sse4_2 x2apic popcnt tsc_deadline_timer aes xsave avx f16c rdrand lahf_lm ida arat epb pln pts dtherm tpr_shadow vnmi flexpriority ept vpid fsgsbase smep erms xsaveopt
bugs		:
bogomips	: 5188.46
clflush size	: 64
cache_alignment	: 64
address sizes	: 36 bits physical, 48 bits virtual
power management:

processor	: 2
vendor_id	: GenuineIntel
cpu family	: 6
model		: 58
model name	: Intel(R) Core(TM) i5-3230M CPU @ 2.60GHz
stepping	: 9
microcode	: 0x1b
cpu MHz		: 2990.914
cache size	: 3072 KB
physical id	: 0
siblings	: 4
core id		: 1
cpu cores	: 2
apicid		: 2
initial apicid	: 2
fdiv_bug	: no
f00f_bug	: no
coma_bug	: no
fpu		: yes
fpu_exception	: yes
cpuid level	: 13
wp		: yes
flags		: fpu vme de pse tsc msr pae mce cx8 apic sep mtrr pge mca cmov pat pse36 clflush dts acpi mmx fxsr sse sse2 ss ht tm pbe nx rdtscp lm constant_tsc arch_perfmon pebs bts xtopology nonstop_tsc aperfmperf eagerfpu pni pclmulqdq dtes64 monitor ds_cpl vmx est tm2 ssse3 cx16 xtpr pdcm pcid sse4_1 sse4_2 x2apic popcnt tsc_deadline_timer aes xsave avx f16c rdrand lahf_lm ida arat epb pln pts dtherm tpr_shadow vnmi flexpriority ept vpid fsgsbase smep erms xsaveopt
bugs		:
bogomips	: 5188.46
clflush size	: 64
cache_alignment	: 64
address sizes	: 36 bits physical, 48 bits virtual
power management:

processor	: 3
vendor_id	: GenuineIntel
cpu family	: 6
model		: 58
model name	: Intel(R) Core(TM) i5-3230M CPU @ 2.60GHz
stepping	: 9
microcode	: 0x1b
cpu MHz		: 3124.367
cache size	: 3072 KB
physical id	: 0
siblings	: 4
core id		: 1
cpu cores	: 2
apicid		: 3
initial apicid	: 3
fdiv_bug	: no
f00f_bug	: no
coma_bug	: no
fpu		: yes
fpu_exception	: yes
cpuid level	: 13
wp		: yes
flags		: fpu vme de pse tsc msr pae mce cx8 apic sep mtrr pge mca cmov pat pse36 clflush dts acpi mmx fxsr sse sse2 ss ht tm pbe nx rdtscp lm constant_tsc arch_perfmon pebs bts xtopology nonstop_tsc aperfmperf eagerfpu pni pclmulqdq dtes64 monitor ds_cpl vmx est tm2 ssse3 cx16 xtpr pdcm pcid sse4_1 sse4_2 x2apic popcnt tsc_deadline_timer aes xsave avx f16c rdrand lahf_lm ida arat epb pln pts dtherm tpr_shadow vnmi flexpriority ept vpid fsgsbase smep erms xsaveopt
bugs		:
bogomips	: 5188.46
clflush size	: 64
cache_alignment	: 64
address sizes	: 36 bits physical, 48 bits virtual
power management:



Memory: 4k page, physical 3948356k(127260k free), swap 0k(0k free)

vm_info: OpenJDK Server VM (24.91-b01) for linux-x86 JRE (1.7.0_91-b02), built on Nov 19 2015 06:12:05 by "buildd" with gcc 5.2.1 20151010

time: Tue Dec  8 22:17:21 2015
elapsed time: 3 seconds

